2025-05-22T07:26:22.238890+00:00 lia-server systemd-resolved[573]: Clock change detected. Flushing caches.
2025-05-23T06:49:20.210413+00:00 lia-server systemd-resolved[573]: Clock change detected. Flushing caches.
2025-05-23T16:24:22.739502+00:00 lia-server systemd-resolved[573]: Using degraded feature set UDP instead of UDP+EDNS0 for DNS server 10.0.2.3.
2025-05-23T16:24:22.739779+00:00 lia-server systemd-resolved[573]: Using degraded feature set TCP instead of UDP for DNS server 10.0.2.3.
2025-05-23T16:24:22.739883+00:00 lia-server systemd-resolved[573]: Using degraded feature set UDP instead of TCP for DNS server 10.0.2.3.
2025-05-23T16:24:22.739924+00:00 lia-server systemd-resolved[573]: Using degraded feature set TCP instead of UDP for DNS server 10.0.2.3.
2025-05-23T16:24:22.739960+00:00 lia-server systemd-resolved[573]: Using degraded feature set UDP instead of TCP for DNS server 10.0.2.3.
2025-05-23T16:24:22.739997+00:00 lia-server systemd-resolved[573]: Using degraded feature set TCP instead of UDP for DNS server 10.0.2.3.
2025-05-23T16:24:22.740039+00:00 lia-server systemd-resolved[573]: Using degraded feature set UDP instead of TCP for DNS server 10.0.2.3.
2025-05-23T16:24:22.740082+00:00 lia-server systemd-resolved[573]: Using degraded feature set TCP instead of UDP for DNS server 10.0.2.3.
2025-05-23T16:24:22.740118+00:00 lia-server systemd-resolved[573]: Using degraded feature set UDP instead of TCP for DNS server 10.0.2.3.
2025-05-23T16:24:22.740156+00:00 lia-server systemd-resolved[573]: Using degraded feature set TCP instead of UDP for DNS server 10.0.2.3.
2025-05-23T16:24:22.740193+00:00 lia-server systemd-resolved[573]: Using degraded feature set UDP instead of TCP for DNS server 10.0.2.3.
2025-05-23T16:24:22.748506+00:00 lia-server systemd-resolved[573]: Using degraded feature set TCP instead of UDP for DNS server 10.0.2.3.
2025-05-23T16:24:22.748607+00:00 lia-server systemd-resolved[573]: Using degraded feature set UDP instead of TCP for DNS server 10.0.2.3.
2025-05-23T16:24:22.749343+00:00 lia-server systemd-resolved[573]: Using degraded feature set TCP instead of UDP for DNS server 10.0.2.3.
2025-05-23T16:24:22.749475+00:00 lia-server systemd-resolved[573]: Using degraded feature set UDP instead of TCP for DNS server 10.0.2.3.
2025-05-23T16:24:22.749511+00:00 lia-server systemd-resolved[573]: Using degraded feature set TCP instead of UDP for DNS server 10.0.2.3.
2025-05-23T16:24:22.750411+00:00 lia-server systemd-resolved[573]: Using degraded feature set UDP instead of TCP for DNS server 10.0.2.3.
2025-05-23T16:24:22.750524+00:00 lia-server systemd-resolved[573]: Using degraded feature set TCP instead of UDP for DNS server 10.0.2.3.
2025-05-23T16:24:22.750565+00:00 lia-server systemd-resolved[573]: Using degraded feature set UDP instead of TCP for DNS server 10.0.2.3.
2025-05-23T16:24:22.750600+00:00 lia-server systemd-resolved[573]: Using degraded feature set TCP instead of UDP for DNS server 10.0.2.3.
2025-05-23T16:24:22.750638+00:00 lia-server systemd-resolved[573]: Using degraded feature set UDP instead of TCP for DNS server 10.0.2.3.
2025-05-23T16:24:22.750742+00:00 lia-server systemd-resolved[573]: Using degraded feature set TCP instead of UDP for DNS server 10.0.2.3.
2025-05-23T16:24:22.750779+00:00 lia-server systemd-resolved[573]: Using degraded feature set UDP instead of TCP for DNS server 10.0.2.3.
2025-05-23T16:24:22.753086+00:00 lia-server systemd-resolved[573]: Using degraded feature set TCP instead of UDP for DNS server 10.0.2.3.
2025-05-23T16:24:22.753153+00:00 lia-server systemd-resolved[573]: Using degraded feature set UDP instead of TCP for DNS server 10.0.2.3.
2025-05-23T16:24:22.753191+00:00 lia-server systemd-resolved[573]: Using degraded feature set TCP instead of UDP for DNS server 10.0.2.3.
2025-05-23T16:24:22.753224+00:00 lia-server systemd-resolved[573]: Using degraded feature set UDP instead of TCP for DNS server 10.0.2.3.
2025-05-23T16:24:22.753254+00:00 lia-server systemd-resolved[573]: Using degraded feature set TCP instead of UDP for DNS server 10.0.2.3.
2025-05-23T16:24:22.753285+00:00 lia-server systemd-resolved[573]: Using degraded feature set UDP instead of TCP for DNS server 10.0.2.3.
2025-05-23T16:24:22.753318+00:00 lia-server systemd-resolved[573]: Using degraded feature set TCP instead of UDP for DNS server 10.0.2.3.
2025-05-23T16:24:22.753349+00:00 lia-server systemd-resolved[573]: Using degraded feature set UDP instead of TCP for DNS server 10.0.2.3.
2025-05-23T16:24:22.761737+00:00 lia-server systemd-resolved[573]: Using degraded feature set TCP instead of UDP for DNS server 10.0.2.3.
2025-05-23T16:24:22.763590+00:00 lia-server systemd-resolved[573]: Using degraded feature set UDP instead of TCP for DNS server 10.0.2.3.
2025-05-23T16:24:22.801350+00:00 lia-server systemd-resolved[573]: Using degraded feature set TCP instead of UDP for DNS server 10.0.2.3.
2025-05-23T16:24:22.817453+00:00 lia-server systemd-resolved[573]: Using degraded feature set UDP instead of TCP for DNS server 10.0.2.3.
2025-05-23T16:24:22.837523+00:00 lia-server systemd-resolved[573]: Using degraded feature set TCP instead of UDP for DNS server 10.0.2.3.
2025-05-23T16:24:22.838991+00:00 lia-server systemd-resolved[573]: Using degraded feature set UDP instead of TCP for DNS server 10.0.2.3.
2025-05-23T16:24:22.865057+00:00 lia-server systemd-resolved[573]: Using degraded feature set TCP instead of UDP for DNS server 10.0.2.3.
2025-05-23T16:24:22.903450+00:00 lia-server systemd-resolved[573]: Using degraded feature set UDP instead of TCP for DNS server 10.0.2.3.
2025-05-23T16:24:22.921451+00:00 lia-server systemd-resolved[573]: Using degraded feature set TCP instead of UDP for DNS server 10.0.2.3.
2025-05-23T16:24:22.922761+00:00 lia-server systemd-resolved[573]: Using degraded feature set UDP instead of TCP for DNS server 10.0.2.3.
2025-05-23T16:24:22.933448+00:00 lia-server systemd-resolved[573]: Using degraded feature set TCP instead of UDP for DNS server 10.0.2.3.
2025-05-23T16:24:22.948031+00:00 lia-server systemd-resolved[573]: Using degraded feature set UDP instead of TCP for DNS server 10.0.2.3.
2025-05-23T16:24:22.965741+00:00 lia-server systemd-resolved[573]: Using degraded feature set TCP instead of UDP for DNS server 10.0.2.3.
2025-05-23T16:24:22.967491+00:00 lia-server systemd-resolved[573]: Using degraded feature set UDP instead of TCP for DNS server 10.0.2.3.
2025-05-23T16:24:23.002861+00:00 lia-server systemd-resolved[573]: Using degraded feature set TCP instead of UDP for DNS server 10.0.2.3.
2025-05-23T16:24:23.018363+00:00 lia-server systemd-resolved[573]: Using degraded feature set UDP instead of TCP for DNS server 10.0.2.3.
2025-05-23T16:24:23.039262+00:00 lia-server systemd-resolved[573]: Using degraded feature set TCP instead of UDP for DNS server 10.0.2.3.
2025-05-23T16:24:23.043574+00:00 lia-server systemd-resolved[573]: Using degraded feature set UDP instead of TCP for DNS server 10.0.2.3.
2025-05-23T16:24:23.077234+00:00 lia-server systemd-resolved[573]: Using degraded feature set TCP instead of UDP for DNS server 10.0.2.3.
2025-05-23T16:24:23.084700+00:00 lia-server systemd-resolved[573]: Using degraded feature set UDP instead of TCP for DNS server 10.0.2.3.
2025-05-23T16:24:23.120021+00:00 lia-server systemd-resolved[573]: Using degraded feature set TCP instead of UDP for DNS server 10.0.2.3.
2025-05-23T16:24:23.143622+00:00 lia-server systemd-resolved[573]: Using degraded feature set UDP instead of TCP for DNS server 10.0.2.3.
2025-05-23T16:24:23.161931+00:00 lia-server systemd-resolved[573]: Using degraded feature set TCP instead of UDP for DNS server 10.0.2.3.
2025-05-23T16:24:23.162190+00:00 lia-server systemd-resolved[573]: Using degraded feature set UDP instead of TCP for DNS server 10.0.2.3.
2025-05-23T16:24:23.172286+00:00 lia-server systemd-resolved[573]: Using degraded feature set TCP instead of UDP for DNS server 10.0.2.3.
2025-05-23T16:24:23.174064+00:00 lia-server systemd-resolved[573]: Using degraded feature set UDP instead of TCP for DNS server 10.0.2.3.
2025-05-23T16:24:23.197729+00:00 lia-server systemd-resolved[573]: Using degraded feature set TCP instead of UDP for DNS server 10.0.2.3.
2025-05-23T16:24:23.200004+00:00 lia-server systemd-resolved[573]: Using degraded feature set UDP instead of TCP for DNS server 10.0.2.3.
2025-05-23T16:24:23.208223+00:00 lia-server systemd-resolved[573]: Using degraded feature set TCP instead of UDP for DNS server 10.0.2.3.
2025-05-23T16:24:23.222559+00:00 lia-server systemd-resolved[573]: Using degraded feature set UDP instead of TCP for DNS server 10.0.2.3.
2025-05-23T16:24:23.293472+00:00 lia-server systemd-resolved[573]: Using degraded feature set TCP instead of UDP for DNS server 10.0.2.3.
2025-05-23T16:24:23.298868+00:00 lia-server systemd-resolved[573]: Using degraded feature set UDP instead of TCP for DNS server 10.0.2.3.
2025-05-23T16:24:23.310867+00:00 lia-server systemd-resolved[573]: Using degraded feature set TCP instead of UDP for DNS server 10.0.2.3.
2025-05-23T16:24:23.313940+00:00 lia-server systemd-resolved[573]: Using degraded feature set UDP instead of TCP for DNS server 10.0.2.3.
2025-05-23T16:24:23.366801+00:00 lia-server systemd-resolved[573]: Using degraded feature set TCP instead of UDP for DNS server 10.0.2.3.
2025-05-23T16:24:23.371153+00:00 lia-server systemd-resolved[573]: Using degraded feature set UDP instead of TCP for DNS server 10.0.2.3.
2025-05-23T16:24:23.494086+00:00 lia-server systemd-resolved[573]: Using degraded feature set TCP instead of UDP for DNS server 10.0.2.3.
2025-05-23T16:24:23.496310+00:00 lia-server systemd-resolved[573]: Using degraded feature set UDP instead of TCP for DNS server 10.0.2.3.
2025-05-23T16:24:23.545678+00:00 lia-server systemd-resolved[573]: Using degraded feature set TCP instead of UDP for DNS server 10.0.2.3.
2025-05-23T16:24:23.550837+00:00 lia-server systemd-resolved[573]: Using degraded feature set UDP instead of TCP for DNS server 10.0.2.3.
2025-05-23T16:24:23.614196+00:00 lia-server systemd-resolved[573]: Using degraded feature set TCP instead of UDP for DNS server 10.0.2.3.
2025-05-23T16:24:23.625403+00:00 lia-server systemd-resolved[573]: Using degraded feature set UDP instead of TCP for DNS server 10.0.2.3.
2025-05-23T16:24:23.658584+00:00 lia-server systemd-resolved[573]: Using degraded feature set TCP instead of UDP for DNS server 10.0.2.3.
2025-05-23T16:24:23.671121+00:00 lia-server systemd-resolved[573]: Using degraded feature set UDP instead of TCP for DNS server 10.0.2.3.
2025-05-23T16:24:23.714238+00:00 lia-server systemd-resolved[573]: Using degraded feature set TCP instead of UDP for DNS server 10.0.2.3.
2025-05-23T16:24:23.729613+00:00 lia-server systemd-resolved[573]: Using degraded feature set UDP instead of TCP for DNS server 10.0.2.3.
2025-05-23T16:24:23.763205+00:00 lia-server systemd-resolved[573]: Using degraded feature set TCP instead of UDP for DNS server 10.0.2.3.
2025-05-23T16:24:23.774797+00:00 lia-server systemd-resolved[573]: Using degraded feature set UDP instead of TCP for DNS server 10.0.2.3.
2025-05-23T16:24:23.840756+00:00 lia-server systemd-resolved[573]: Using degraded feature set TCP instead of UDP for DNS server 10.0.2.3.
2025-05-23T16:24:23.848570+00:00 lia-server systemd-resolved[573]: Using degraded feature set UDP instead of TCP for DNS server 10.0.2.3.
2025-05-23T16:24:23.884836+00:00 lia-server systemd-resolved[573]: Using degraded feature set TCP instead of UDP for DNS server 10.0.2.3.
2025-05-23T16:24:23.894107+00:00 lia-server systemd-resolved[573]: Using degraded feature set UDP instead of TCP for DNS server 10.0.2.3.
2025-05-23T16:24:23.925076+00:00 lia-server systemd-resolved[573]: Using degraded feature set TCP instead of UDP for DNS server 10.0.2.3.
2025-05-23T16:24:23.945449+00:00 lia-server systemd-resolved[573]: Using degraded feature set UDP instead of TCP for DNS server 10.0.2.3.
2025-05-23T16:24:23.975410+00:00 lia-server systemd-resolved[573]: Using degraded feature set TCP instead of UDP for DNS server 10.0.2.3.
2025-05-23T16:24:23.992502+00:00 lia-server systemd-resolved[573]: Using degraded feature set UDP instead of TCP for DNS server 10.0.2.3.
2025-05-23T16:24:24.057376+00:00 lia-server systemd-resolved[573]: Using degraded feature set TCP instead of UDP for DNS server 10.0.2.3.
2025-05-23T16:24:24.066607+00:00 lia-server systemd-resolved[573]: Using degraded feature set UDP instead of TCP for DNS server 10.0.2.3.
2025-05-23T16:24:24.103690+00:00 lia-server systemd-resolved[573]: Using degraded feature set TCP instead of UDP for DNS server 10.0.2.3.
2025-05-23T16:24:24.110802+00:00 lia-server systemd-resolved[573]: Using degraded feature set UDP instead of TCP for DNS server 10.0.2.3.
2025-05-23T16:24:24.157042+00:00 lia-server systemd-resolved[573]: Using degraded feature set TCP instead of UDP for DNS server 10.0.2.3.
2025-05-23T16:24:24.163779+00:00 lia-server systemd-resolved[573]: Using degraded feature set UDP instead of TCP for DNS server 10.0.2.3.
2025-05-23T16:24:24.183735+00:00 lia-server systemd-resolved[573]: Using degraded feature set TCP instead of UDP for DNS server 10.0.2.3.
2025-05-23T16:24:24.189375+00:00 lia-server systemd-resolved[573]: Using degraded feature set UDP instead of TCP for DNS server 10.0.2.3.
2025-05-23T16:24:24.231366+00:00 lia-server systemd-resolved[573]: Using degraded feature set TCP instead of UDP for DNS server 10.0.2.3.
2025-05-23T16:24:24.239774+00:00 lia-server systemd-resolved[573]: Using degraded feature set UDP instead of TCP for DNS server 10.0.2.3.
2025-05-23T16:24:24.265700+00:00 lia-server systemd-resolved[573]: Using degraded feature set TCP instead of UDP for DNS server 10.0.2.3.
2025-05-23T16:24:24.281601+00:00 lia-server systemd-resolved[573]: Using degraded feature set UDP instead of TCP for DNS server 10.0.2.3.
2025-05-23T16:24:24.339622+00:00 lia-server systemd-resolved[573]: Using degraded feature set TCP instead of UDP for DNS server 10.0.2.3.
2025-05-23T16:24:24.351744+00:00 lia-server systemd-resolved[573]: Using degraded feature set UDP instead of TCP for DNS server 10.0.2.3.
2025-05-23T16:24:24.376251+00:00 lia-server systemd-resolved[573]: Using degraded feature set TCP instead of UDP for DNS server 10.0.2.3.
2025-05-23T16:24:24.381535+00:00 lia-server systemd-resolved[573]: Using degraded feature set UDP instead of TCP for DNS server 10.0.2.3.
2025-05-23T16:24:24.407217+00:00 lia-server systemd-resolved[573]: Using degraded feature set TCP instead of UDP for DNS server 10.0.2.3.
2025-05-23T16:24:24.412028+00:00 lia-server systemd-resolved[573]: Using degraded feature set UDP instead of TCP for DNS server 10.0.2.3.
2025-05-23T16:24:24.431942+00:00 lia-server systemd-resolved[573]: Using degraded feature set TCP instead of UDP for DNS server 10.0.2.3.
2025-05-23T16:24:24.440554+00:00 lia-server systemd-resolved[573]: Using degraded feature set UDP instead of TCP for DNS server 10.0.2.3.
2025-05-23T16:24:24.487634+00:00 lia-server systemd-resolved[573]: Using degraded feature set TCP instead of UDP for DNS server 10.0.2.3.
2025-05-23T16:24:24.492543+00:00 lia-server systemd-resolved[573]: Using degraded feature set UDP instead of TCP for DNS server 10.0.2.3.
2025-05-23T16:24:24.520459+00:00 lia-server systemd-resolved[573]: Using degraded feature set TCP instead of UDP for DNS server 10.0.2.3.
2025-05-23T16:24:24.523758+00:00 lia-server systemd-resolved[573]: Using degraded feature set UDP instead of TCP for DNS server 10.0.2.3.
2025-05-23T16:24:24.549065+00:00 lia-server systemd-resolved[573]: Using degraded feature set TCP instead of UDP for DNS server 10.0.2.3.
2025-05-23T16:24:24.554834+00:00 lia-server systemd-resolved[573]: Using degraded feature set UDP instead of TCP for DNS server 10.0.2.3.
2025-05-23T16:24:24.582628+00:00 lia-server systemd-resolved[573]: Using degraded feature set TCP instead of UDP for DNS server 10.0.2.3.
2025-05-23T16:24:24.593499+00:00 lia-server systemd-resolved[573]: Using degraded feature set UDP instead of TCP for DNS server 10.0.2.3.
2025-05-23T16:24:24.621945+00:00 lia-server systemd-resolved[573]: Using degraded feature set TCP instead of UDP for DNS server 10.0.2.3.
2025-05-23T16:24:24.627789+00:00 lia-server systemd-resolved[573]: Using degraded feature set UDP instead of TCP for DNS server 10.0.2.3.
2025-05-23T16:24:24.648396+00:00 lia-server systemd-resolved[573]: Using degraded feature set TCP instead of UDP for DNS server 10.0.2.3.
2025-05-23T16:24:24.652965+00:00 lia-server systemd-resolved[573]: Using degraded feature set UDP instead of TCP for DNS server 10.0.2.3.
2025-05-23T16:24:24.679288+00:00 lia-server systemd-resolved[573]: Using degraded feature set TCP instead of UDP for DNS server 10.0.2.3.
2025-05-23T16:24:24.685085+00:00 lia-server systemd-resolved[573]: Using degraded feature set UDP instead of TCP for DNS server 10.0.2.3.
2025-05-23T16:24:24.700858+00:00 lia-server systemd-resolved[573]: Using degraded feature set TCP instead of UDP for DNS server 10.0.2.3.
2025-05-23T16:24:24.707603+00:00 lia-server systemd-resolved[573]: Using degraded feature set UDP instead of TCP for DNS server 10.0.2.3.
2025-05-23T16:24:24.729552+00:00 lia-server systemd-resolved[573]: Using degraded feature set TCP instead of UDP for DNS server 10.0.2.3.
2025-05-23T16:24:24.734476+00:00 lia-server systemd-resolved[573]: Using degraded feature set UDP instead of TCP for DNS server 10.0.2.3.
2025-05-23T16:24:24.752306+00:00 lia-server systemd-resolved[573]: Using degraded feature set TCP instead of UDP for DNS server 10.0.2.3.
2025-05-23T16:24:24.757173+00:00 lia-server systemd-resolved[573]: Using degraded feature set UDP instead of TCP for DNS server 10.0.2.3.
2025-05-23T16:24:24.785244+00:00 lia-server systemd-resolved[573]: Using degraded feature set TCP instead of UDP for DNS server 10.0.2.3.
2025-05-23T16:24:24.790633+00:00 lia-server systemd-resolved[573]: Using degraded feature set UDP instead of TCP for DNS server 10.0.2.3.
2025-05-23T16:24:24.807742+00:00 lia-server systemd-resolved[573]: Using degraded feature set TCP instead of UDP for DNS server 10.0.2.3.
2025-05-23T16:24:24.813858+00:00 lia-server systemd-resolved[573]: Using degraded feature set UDP instead of TCP for DNS server 10.0.2.3.
2025-05-23T16:24:24.845504+00:00 lia-server systemd-resolved[573]: Using degraded feature set TCP instead of UDP for DNS server 10.0.2.3.
2025-05-23T16:24:24.852648+00:00 lia-server systemd-resolved[573]: Using degraded feature set UDP instead of TCP for DNS server 10.0.2.3.
2025-05-23T16:24:24.866956+00:00 lia-server systemd-resolved[573]: Using degraded feature set TCP instead of UDP for DNS server 10.0.2.3.
2025-05-23T16:24:24.873141+00:00 lia-server systemd-resolved[573]: Using degraded feature set UDP instead of TCP for DNS server 10.0.2.3.
2025-05-23T16:24:24.911305+00:00 lia-server systemd-resolved[573]: Using degraded feature set TCP instead of UDP for DNS server 10.0.2.3.
2025-05-23T16:24:24.917030+00:00 lia-server systemd-resolved[573]: Using degraded feature set UDP instead of TCP for DNS server 10.0.2.3.
2025-05-23T16:24:24.934085+00:00 lia-server systemd-resolved[573]: Using degraded feature set TCP instead of UDP for DNS server 10.0.2.3.
2025-05-23T16:24:24.943732+00:00 lia-server systemd-resolved[573]: Using degraded feature set UDP instead of TCP for DNS server 10.0.2.3.
2025-05-23T16:24:24.974991+00:00 lia-server systemd-resolved[573]: Using degraded feature set TCP instead of UDP for DNS server 10.0.2.3.
2025-05-23T16:24:24.980794+00:00 lia-server systemd-resolved[573]: Using degraded feature set UDP instead of TCP for DNS server 10.0.2.3.
2025-05-23T16:24:25.001109+00:00 lia-server systemd-resolved[573]: Using degraded feature set TCP instead of UDP for DNS server 10.0.2.3.
2025-05-23T16:24:25.010453+00:00 lia-server systemd-resolved[573]: Using degraded feature set UDP instead of TCP for DNS server 10.0.2.3.
2025-05-23T16:24:25.031858+00:00 lia-server systemd-resolved[573]: Using degraded feature set TCP instead of UDP for DNS server 10.0.2.3.
2025-05-23T16:24:25.038581+00:00 lia-server systemd-resolved[573]: Using degraded feature set UDP instead of TCP for DNS server 10.0.2.3.
2025-05-23T16:24:25.054722+00:00 lia-server systemd-resolved[573]: Using degraded feature set TCP instead of UDP for DNS server 10.0.2.3.
2025-05-23T16:24:25.058773+00:00 lia-server systemd-resolved[573]: Using degraded feature set UDP instead of TCP for DNS server 10.0.2.3.
2025-05-23T16:24:25.105032+00:00 lia-server systemd-resolved[573]: Using degraded feature set TCP instead of UDP for DNS server 10.0.2.3.
2025-05-23T16:24:25.112687+00:00 lia-server systemd-resolved[573]: Using degraded feature set UDP instead of TCP for DNS server 10.0.2.3.
2025-05-23T16:24:25.133572+00:00 lia-server systemd-resolved[573]: Using degraded feature set TCP instead of UDP for DNS server 10.0.2.3.
2025-05-23T16:24:25.145148+00:00 lia-server systemd-resolved[573]: Using degraded feature set UDP instead of TCP for DNS server 10.0.2.3.
2025-05-23T16:24:25.187853+00:00 lia-server systemd-resolved[573]: Using degraded feature set TCP instead of UDP for DNS server 10.0.2.3.
2025-05-23T16:24:25.197530+00:00 lia-server systemd-resolved[573]: Using degraded feature set UDP instead of TCP for DNS server 10.0.2.3.
2025-05-23T16:24:25.216154+00:00 lia-server systemd-resolved[573]: Using degraded feature set TCP instead of UDP for DNS server 10.0.2.3.
2025-05-23T16:24:25.227879+00:00 lia-server systemd-resolved[573]: Using degraded feature set UDP instead of TCP for DNS server 10.0.2.3.
2025-05-23T16:24:25.288447+00:00 lia-server systemd-resolved[573]: Using degraded feature set TCP instead of UDP for DNS server 10.0.2.3.
2025-05-23T16:24:25.293430+00:00 lia-server systemd-resolved[573]: Using degraded feature set UDP instead of TCP for DNS server 10.0.2.3.
2025-05-23T16:24:25.311769+00:00 lia-server systemd-resolved[573]: Using degraded feature set TCP instead of UDP for DNS server 10.0.2.3.
2025-05-23T16:24:25.314436+00:00 lia-server systemd-resolved[573]: Using degraded feature set UDP instead of TCP for DNS server 10.0.2.3.
2025-05-23T16:24:25.339710+00:00 lia-server systemd-resolved[573]: Using degraded feature set TCP instead of UDP for DNS server 10.0.2.3.
2025-05-23T16:24:25.343685+00:00 lia-server systemd-resolved[573]: Using degraded feature set UDP instead of TCP for DNS server 10.0.2.3.
2025-05-23T16:24:25.355773+00:00 lia-server systemd-resolved[573]: Using degraded feature set TCP instead of UDP for DNS server 10.0.2.3.
2025-05-23T16:24:25.360282+00:00 lia-server systemd-resolved[573]: Using degraded feature set UDP instead of TCP for DNS server 10.0.2.3.
2025-05-23T16:24:25.384635+00:00 lia-server systemd-resolved[573]: Using degraded feature set TCP instead of UDP for DNS server 10.0.2.3.
2025-05-23T16:24:25.389354+00:00 lia-server systemd-resolved[573]: Using degraded feature set UDP instead of TCP for DNS server 10.0.2.3.
2025-05-23T16:24:25.404164+00:00 lia-server systemd-resolved[573]: Using degraded feature set TCP instead of UDP for DNS server 10.0.2.3.
2025-05-23T16:24:25.409127+00:00 lia-server systemd-resolved[573]: Using degraded feature set UDP instead of TCP for DNS server 10.0.2.3.
2025-05-23T16:24:25.434000+00:00 lia-server systemd-resolved[573]: Using degraded feature set TCP instead of UDP for DNS server 10.0.2.3.
2025-05-23T16:24:25.444140+00:00 lia-server systemd-resolved[573]: Using degraded feature set UDP instead of TCP for DNS server 10.0.2.3.
2025-05-23T16:24:25.461790+00:00 lia-server systemd-resolved[573]: Using degraded feature set TCP instead of UDP for DNS server 10.0.2.3.
2025-05-23T16:24:25.467111+00:00 lia-server systemd-resolved[573]: Using degraded feature set UDP instead of TCP for DNS server 10.0.2.3.
2025-05-23T16:24:25.486237+00:00 lia-server systemd-resolved[573]: Using degraded feature set TCP instead of UDP for DNS server 10.0.2.3.
2025-05-23T16:24:25.505605+00:00 lia-server systemd-resolved[573]: Using degraded feature set UDP instead of TCP for DNS server 10.0.2.3.
2025-05-23T16:24:25.519936+00:00 lia-server systemd-resolved[573]: Using degraded feature set TCP instead of UDP for DNS server 10.0.2.3.
2025-05-23T16:24:25.525315+00:00 lia-server systemd-resolved[573]: Using degraded feature set UDP instead of TCP for DNS server 10.0.2.3.
2025-05-23T16:24:25.540955+00:00 lia-server systemd-resolved[573]: Using degraded feature set TCP instead of UDP for DNS server 10.0.2.3.
2025-05-23T16:24:25.560526+00:00 lia-server systemd-resolved[573]: Using degraded feature set UDP instead of TCP for DNS server 10.0.2.3.
2025-05-23T16:24:25.569640+00:00 lia-server systemd-resolved[573]: Using degraded feature set TCP instead of UDP for DNS server 10.0.2.3.
2025-05-23T16:24:25.574168+00:00 lia-server systemd-resolved[573]: Using degraded feature set UDP instead of TCP for DNS server 10.0.2.3.
2025-05-23T16:24:25.593465+00:00 lia-server systemd-resolved[573]: Using degraded feature set TCP instead of UDP for DNS server 10.0.2.3.
2025-05-23T16:24:25.597969+00:00 lia-server systemd-resolved[573]: Using degraded feature set UDP instead of TCP for DNS server 10.0.2.3.
2025-05-23T16:24:25.613052+00:00 lia-server systemd-resolved[573]: Using degraded feature set TCP instead of UDP for DNS server 10.0.2.3.
2025-05-23T16:24:25.617578+00:00 lia-server systemd-resolved[573]: Using degraded feature set UDP instead of TCP for DNS server 10.0.2.3.
2025-05-23T16:24:25.635847+00:00 lia-server systemd-resolved[573]: Using degraded feature set TCP instead of UDP for DNS server 10.0.2.3.
2025-05-23T16:24:25.638778+00:00 lia-server systemd-resolved[573]: Using degraded feature set UDP instead of TCP for DNS server 10.0.2.3.
2025-05-23T16:24:25.654388+00:00 lia-server systemd-resolved[573]: Using degraded feature set TCP instead of UDP for DNS server 10.0.2.3.
2025-05-23T16:24:25.658282+00:00 lia-server systemd-resolved[573]: Using degraded feature set UDP instead of TCP for DNS server 10.0.2.3.
2025-05-23T16:24:25.682395+00:00 lia-server systemd-resolved[573]: Using degraded feature set TCP instead of UDP for DNS server 10.0.2.3.
2025-05-23T16:24:25.687225+00:00 lia-server systemd-resolved[573]: Using degraded feature set UDP instead of TCP for DNS server 10.0.2.3.
2025-05-23T16:24:25.701219+00:00 lia-server systemd-resolved[573]: Using degraded feature set TCP instead of UDP for DNS server 10.0.2.3.
2025-05-23T16:24:25.705604+00:00 lia-server systemd-resolved[573]: Using degraded feature set UDP instead of TCP for DNS server 10.0.2.3.
2025-05-23T16:24:25.725775+00:00 lia-server systemd-resolved[573]: Using degraded feature set TCP instead of UDP for DNS server 10.0.2.3.
2025-05-23T16:24:25.729260+00:00 lia-server systemd-resolved[573]: Using degraded feature set UDP instead of TCP for DNS server 10.0.2.3.
2025-05-23T16:24:25.742297+00:00 lia-server systemd-resolved[573]: Using degraded feature set TCP instead of UDP for DNS server 10.0.2.3.
2025-05-23T16:24:25.748966+00:00 lia-server systemd-resolved[573]: Using degraded feature set UDP instead of TCP for DNS server 10.0.2.3.
2025-05-23T16:24:25.766100+00:00 lia-server systemd-resolved[573]: Using degraded feature set TCP instead of UDP for DNS server 10.0.2.3.
2025-05-23T16:24:25.772576+00:00 lia-server systemd-resolved[573]: Using degraded feature set UDP instead of TCP for DNS server 10.0.2.3.
2025-05-23T16:24:25.785791+00:00 lia-server systemd-resolved[573]: Using degraded feature set TCP instead of UDP for DNS server 10.0.2.3.
2025-05-23T16:24:25.793350+00:00 lia-server systemd-resolved[573]: Using degraded feature set UDP instead of TCP for DNS server 10.0.2.3.
2025-05-23T16:24:25.817402+00:00 lia-server systemd-resolved[573]: Using degraded feature set TCP instead of UDP for DNS server 10.0.2.3.
2025-05-23T16:24:25.822950+00:00 lia-server systemd-resolved[573]: Using degraded feature set UDP instead of TCP for DNS server 10.0.2.3.
2025-05-23T16:24:25.838231+00:00 lia-server systemd-resolved[573]: Using degraded feature set TCP instead of UDP for DNS server 10.0.2.3.
2025-05-23T16:24:25.842957+00:00 lia-server systemd-resolved[573]: Using degraded feature set UDP instead of TCP for DNS server 10.0.2.3.
2025-05-23T16:24:25.869836+00:00 lia-server systemd-resolved[573]: Using degraded feature set TCP instead of UDP for DNS server 10.0.2.3.
2025-05-23T16:24:25.876028+00:00 lia-server systemd-resolved[573]: Using degraded feature set UDP instead of TCP for DNS server 10.0.2.3.
2025-05-23T16:24:25.894156+00:00 lia-server systemd-resolved[573]: Using degraded feature set TCP instead of UDP for DNS server 10.0.2.3.
2025-05-23T16:24:25.897214+00:00 lia-server systemd-resolved[573]: Using degraded feature set UDP instead of TCP for DNS server 10.0.2.3.
2025-05-23T16:24:25.919789+00:00 lia-server systemd-resolved[573]: Using degraded feature set TCP instead of UDP for DNS server 10.0.2.3.
2025-05-23T16:24:25.924990+00:00 lia-server systemd-resolved[573]: Using degraded feature set UDP instead of TCP for DNS server 10.0.2.3.
2025-05-23T16:24:25.940564+00:00 lia-server systemd-resolved[573]: Using degraded feature set TCP instead of UDP for DNS server 10.0.2.3.
2025-05-23T16:24:25.945176+00:00 lia-server systemd-resolved[573]: Using degraded feature set UDP instead of TCP for DNS server 10.0.2.3.
2025-05-23T16:24:25.968288+00:00 lia-server systemd-resolved[573]: Using degraded feature set TCP instead of UDP for DNS server 10.0.2.3.
2025-05-23T16:24:25.972791+00:00 lia-server systemd-resolved[573]: Using degraded feature set UDP instead of TCP for DNS server 10.0.2.3.
2025-05-23T16:24:25.992116+00:00 lia-server systemd-resolved[573]: Using degraded feature set TCP instead of UDP for DNS server 10.0.2.3.
2025-05-23T16:24:25.996999+00:00 lia-server systemd-resolved[573]: Using degraded feature set UDP instead of TCP for DNS server 10.0.2.3.
2025-05-23T16:24:26.019156+00:00 lia-server systemd-resolved[573]: Using degraded feature set TCP instead of UDP for DNS server 10.0.2.3.
2025-05-23T16:24:26.023725+00:00 lia-server systemd-resolved[573]: Using degraded feature set UDP instead of TCP for DNS server 10.0.2.3.
2025-05-23T16:24:26.037139+00:00 lia-server systemd-resolved[573]: Using degraded feature set TCP instead of UDP for DNS server 10.0.2.3.
2025-05-23T16:24:26.041525+00:00 lia-server systemd-resolved[573]: Using degraded feature set UDP instead of TCP for DNS server 10.0.2.3.
2025-05-23T16:24:26.063322+00:00 lia-server systemd-resolved[573]: Using degraded feature set TCP instead of UDP for DNS server 10.0.2.3.
2025-05-23T16:24:26.068155+00:00 lia-server systemd-resolved[573]: Using degraded feature set UDP instead of TCP for DNS server 10.0.2.3.
2025-05-23T16:24:26.083468+00:00 lia-server systemd-resolved[573]: Using degraded feature set TCP instead of UDP for DNS server 10.0.2.3.
2025-05-23T16:24:26.087917+00:00 lia-server systemd-resolved[573]: Using degraded feature set UDP instead of TCP for DNS server 10.0.2.3.
2025-05-23T16:24:26.122904+00:00 lia-server systemd-resolved[573]: Using degraded feature set TCP instead of UDP for DNS server 10.0.2.3.
2025-05-23T16:24:26.129815+00:00 lia-server systemd-resolved[573]: Using degraded feature set UDP instead of TCP for DNS server 10.0.2.3.
2025-05-23T16:24:26.143229+00:00 lia-server systemd-resolved[573]: Using degraded feature set TCP instead of UDP for DNS server 10.0.2.3.
2025-05-23T16:24:26.147693+00:00 lia-server systemd-resolved[573]: Using degraded feature set UDP instead of TCP for DNS server 10.0.2.3.
2025-05-23T16:24:26.170544+00:00 lia-server systemd-resolved[573]: Using degraded feature set TCP instead of UDP for DNS server 10.0.2.3.
2025-05-23T16:24:26.177539+00:00 lia-server systemd-resolved[573]: Using degraded feature set UDP instead of TCP for DNS server 10.0.2.3.
2025-05-23T16:24:26.191355+00:00 lia-server systemd-resolved[573]: Using degraded feature set TCP instead of UDP for DNS server 10.0.2.3.
2025-05-23T16:24:26.195206+00:00 lia-server systemd-resolved[573]: Using degraded feature set UDP instead of TCP for DNS server 10.0.2.3.
2025-05-23T16:24:26.217305+00:00 lia-server systemd-resolved[573]: Using degraded feature set TCP instead of UDP for DNS server 10.0.2.3.
2025-05-23T16:24:26.221961+00:00 lia-server systemd-resolved[573]: Using degraded feature set UDP instead of TCP for DNS server 10.0.2.3.
2025-05-23T16:24:26.235947+00:00 lia-server systemd-resolved[573]: Using degraded feature set TCP instead of UDP for DNS server 10.0.2.3.
2025-05-23T16:24:26.240332+00:00 lia-server systemd-resolved[573]: Using degraded feature set UDP instead of TCP for DNS server 10.0.2.3.
2025-05-23T16:24:26.275489+00:00 lia-server systemd-resolved[573]: Using degraded feature set TCP instead of UDP for DNS server 10.0.2.3.
2025-05-23T16:24:26.278008+00:00 lia-server systemd-resolved[573]: Using degraded feature set UDP instead of TCP for DNS server 10.0.2.3.
2025-05-23T16:24:26.329279+00:00 lia-server systemd-resolved[573]: Using degraded feature set TCP instead of UDP for DNS server 10.0.2.3.
2025-05-23T16:24:26.334223+00:00 lia-server systemd-resolved[573]: Using degraded feature set UDP instead of TCP for DNS server 10.0.2.3.
2025-05-23T16:24:26.379101+00:00 lia-server systemd-resolved[573]: Using degraded feature set TCP instead of UDP for DNS server 10.0.2.3.
2025-05-23T16:24:26.387497+00:00 lia-server systemd-resolved[573]: Using degraded feature set UDP instead of TCP for DNS server 10.0.2.3.
2025-05-23T16:24:26.406355+00:00 lia-server systemd-resolved[573]: Using degraded feature set TCP instead of UDP for DNS server 10.0.2.3.
2025-05-23T16:24:26.412343+00:00 lia-server systemd-resolved[573]: Using degraded feature set UDP instead of TCP for DNS server 10.0.2.3.
2025-05-23T16:24:26.443213+00:00 lia-server systemd-resolved[573]: Using degraded feature set TCP instead of UDP for DNS server 10.0.2.3.
2025-05-23T16:24:26.447618+00:00 lia-server systemd-resolved[573]: Using degraded feature set UDP instead of TCP for DNS server 10.0.2.3.
2025-05-23T16:24:26.464571+00:00 lia-server systemd-resolved[573]: Using degraded feature set TCP instead of UDP for DNS server 10.0.2.3.
2025-05-23T16:24:26.469776+00:00 lia-server systemd-resolved[573]: Using degraded feature set UDP instead of TCP for DNS server 10.0.2.3.
2025-05-23T16:24:26.488218+00:00 lia-server systemd-resolved[573]: Using degraded feature set TCP instead of UDP for DNS server 10.0.2.3.
2025-05-23T16:24:26.492425+00:00 lia-server systemd-resolved[573]: Using degraded feature set UDP instead of TCP for DNS server 10.0.2.3.
2025-05-23T16:24:26.508376+00:00 lia-server systemd-resolved[573]: Using degraded feature set TCP instead of UDP for DNS server 10.0.2.3.
2025-05-23T16:24:26.514206+00:00 lia-server systemd-resolved[573]: Using degraded feature set UDP instead of TCP for DNS server 10.0.2.3.
2025-05-23T16:24:26.552037+00:00 lia-server systemd-resolved[573]: Using degraded feature set TCP instead of UDP for DNS server 10.0.2.3.
2025-05-23T16:24:26.556471+00:00 lia-server systemd-resolved[573]: Using degraded feature set UDP instead of TCP for DNS server 10.0.2.3.
2025-05-23T16:24:26.572179+00:00 lia-server systemd-resolved[573]: Using degraded feature set TCP instead of UDP for DNS server 10.0.2.3.
2025-05-23T16:24:26.577841+00:00 lia-server systemd-resolved[573]: Using degraded feature set UDP instead of TCP for DNS server 10.0.2.3.
2025-05-23T16:24:26.599719+00:00 lia-server systemd-resolved[573]: Using degraded feature set TCP instead of UDP for DNS server 10.0.2.3.
2025-05-23T16:24:26.605161+00:00 lia-server systemd-resolved[573]: Using degraded feature set UDP instead of TCP for DNS server 10.0.2.3.
2025-05-23T16:24:26.621618+00:00 lia-server systemd-resolved[573]: Using degraded feature set TCP instead of UDP for DNS server 10.0.2.3.
2025-05-23T16:24:26.626387+00:00 lia-server systemd-resolved[573]: Using degraded feature set UDP instead of TCP for DNS server 10.0.2.3.
2025-05-23T16:24:26.649023+00:00 lia-server systemd-resolved[573]: Using degraded feature set TCP instead of UDP for DNS server 10.0.2.3.
2025-05-23T16:24:26.654631+00:00 lia-server systemd-resolved[573]: Using degraded feature set UDP instead of TCP for DNS server 10.0.2.3.
2025-05-23T16:24:26.668350+00:00 lia-server systemd-resolved[573]: Using degraded feature set TCP instead of UDP for DNS server 10.0.2.3.
2025-05-23T16:24:26.672618+00:00 lia-server systemd-resolved[573]: Using degraded feature set UDP instead of TCP for DNS server 10.0.2.3.
2025-05-23T16:24:26.695341+00:00 lia-server systemd-resolved[573]: Using degraded feature set TCP instead of UDP for DNS server 10.0.2.3.
2025-05-23T16:24:26.700271+00:00 lia-server systemd-resolved[573]: Using degraded feature set UDP instead of TCP for DNS server 10.0.2.3.
2025-05-23T16:24:26.713567+00:00 lia-server systemd-resolved[573]: Using degraded feature set TCP instead of UDP for DNS server 10.0.2.3.
2025-05-23T16:24:26.718178+00:00 lia-server systemd-resolved[573]: Using degraded feature set UDP instead of TCP for DNS server 10.0.2.3.
2025-05-23T16:24:26.736538+00:00 lia-server systemd-resolved[573]: Using degraded feature set TCP instead of UDP for DNS server 10.0.2.3.
2025-05-23T16:24:26.739752+00:00 lia-server systemd-resolved[573]: Using degraded feature set UDP instead of TCP for DNS server 10.0.2.3.
2025-05-23T16:24:26.754373+00:00 lia-server systemd-resolved[573]: Using degraded feature set TCP instead of UDP for DNS server 10.0.2.3.
2025-05-23T16:24:26.759058+00:00 lia-server systemd-resolved[573]: Using degraded feature set UDP instead of TCP for DNS server 10.0.2.3.
2025-05-23T16:24:26.779791+00:00 lia-server systemd-resolved[573]: Using degraded feature set TCP instead of UDP for DNS server 10.0.2.3.
2025-05-23T16:24:26.784367+00:00 lia-server systemd-resolved[573]: Using degraded feature set UDP instead of TCP for DNS server 10.0.2.3.
2025-05-23T16:24:26.799431+00:00 lia-server systemd-resolved[573]: Using degraded feature set TCP instead of UDP for DNS server 10.0.2.3.
2025-05-23T16:24:26.813460+00:00 lia-server systemd-resolved[573]: Using degraded feature set UDP instead of TCP for DNS server 10.0.2.3.
2025-05-23T16:24:26.836775+00:00 lia-server systemd-resolved[573]: Using degraded feature set TCP instead of UDP for DNS server 10.0.2.3.
2025-05-23T16:24:26.841205+00:00 lia-server systemd-resolved[573]: Using degraded feature set UDP instead of TCP for DNS server 10.0.2.3.
2025-05-23T16:24:26.852570+00:00 lia-server systemd-resolved[573]: Using degraded feature set TCP instead of UDP for DNS server 10.0.2.3.
2025-05-23T16:24:26.857063+00:00 lia-server systemd-resolved[573]: Using degraded feature set UDP instead of TCP for DNS server 10.0.2.3.
2025-05-23T16:24:26.882575+00:00 lia-server systemd-resolved[573]: Using degraded feature set TCP instead of UDP for DNS server 10.0.2.3.
2025-05-23T16:24:26.887797+00:00 lia-server systemd-resolved[573]: Using degraded feature set UDP instead of TCP for DNS server 10.0.2.3.
2025-05-23T16:24:26.901003+00:00 lia-server systemd-resolved[573]: Using degraded feature set TCP instead of UDP for DNS server 10.0.2.3.
2025-05-23T16:24:26.906466+00:00 lia-server systemd-resolved[573]: Using degraded feature set UDP instead of TCP for DNS server 10.0.2.3.
2025-05-23T16:24:26.928875+00:00 lia-server systemd-resolved[573]: Using degraded feature set TCP instead of UDP for DNS server 10.0.2.3.
2025-05-23T16:24:26.932875+00:00 lia-server systemd-resolved[573]: Using degraded feature set UDP instead of TCP for DNS server 10.0.2.3.
2025-05-23T16:24:26.945168+00:00 lia-server systemd-resolved[573]: Using degraded feature set TCP instead of UDP for DNS server 10.0.2.3.
2025-05-23T16:24:26.949457+00:00 lia-server systemd-resolved[573]: Using degraded feature set UDP instead of TCP for DNS server 10.0.2.3.
2025-05-23T16:24:26.970308+00:00 lia-server systemd-resolved[573]: Using degraded feature set TCP instead of UDP for DNS server 10.0.2.3.
2025-05-23T16:24:26.974328+00:00 lia-server systemd-resolved[573]: Using degraded feature set UDP instead of TCP for DNS server 10.0.2.3.
2025-05-23T16:24:26.988278+00:00 lia-server systemd-resolved[573]: Using degraded feature set TCP instead of UDP for DNS server 10.0.2.3.
2025-05-23T16:24:26.992327+00:00 lia-server systemd-resolved[573]: Using degraded feature set UDP instead of TCP for DNS server 10.0.2.3.
2025-05-23T16:24:27.012005+00:00 lia-server systemd-resolved[573]: Using degraded feature set TCP instead of UDP for DNS server 10.0.2.3.
2025-05-23T16:24:27.016272+00:00 lia-server systemd-resolved[573]: Using degraded feature set UDP instead of TCP for DNS server 10.0.2.3.
2025-05-23T16:24:27.029021+00:00 lia-server systemd-resolved[573]: Using degraded feature set TCP instead of UDP for DNS server 10.0.2.3.
2025-05-23T16:24:27.033365+00:00 lia-server systemd-resolved[573]: Using degraded feature set UDP instead of TCP for DNS server 10.0.2.3.
2025-05-23T16:24:27.052974+00:00 lia-server systemd-resolved[573]: Using degraded feature set TCP instead of UDP for DNS server 10.0.2.3.
2025-05-23T16:24:27.058247+00:00 lia-server systemd-resolved[573]: Using degraded feature set UDP instead of TCP for DNS server 10.0.2.3.
2025-05-23T16:24:27.071084+00:00 lia-server systemd-resolved[573]: Using degraded feature set TCP instead of UDP for DNS server 10.0.2.3.
2025-05-23T16:24:27.075523+00:00 lia-server systemd-resolved[573]: Using degraded feature set UDP instead of TCP for DNS server 10.0.2.3.
2025-05-23T16:24:27.096622+00:00 lia-server systemd-resolved[573]: Using degraded feature set TCP instead of UDP for DNS server 10.0.2.3.
2025-05-23T16:24:27.102129+00:00 lia-server systemd-resolved[573]: Using degraded feature set UDP instead of TCP for DNS server 10.0.2.3.
2025-05-23T16:24:27.116422+00:00 lia-server systemd-resolved[573]: Using degraded feature set TCP instead of UDP for DNS server 10.0.2.3.
2025-05-23T16:24:27.130474+00:00 lia-server systemd-resolved[573]: Using degraded feature set UDP instead of TCP for DNS server 10.0.2.3.
2025-05-23T16:24:27.151924+00:00 lia-server systemd-resolved[573]: Using degraded feature set TCP instead of UDP for DNS server 10.0.2.3.
2025-05-23T16:24:27.156338+00:00 lia-server systemd-resolved[573]: Using degraded feature set UDP instead of TCP for DNS server 10.0.2.3.
2025-05-23T16:24:27.170439+00:00 lia-server systemd-resolved[573]: Using degraded feature set TCP instead of UDP for DNS server 10.0.2.3.
2025-05-23T16:24:27.175447+00:00 lia-server systemd-resolved[573]: Using degraded feature set UDP instead of TCP for DNS server 10.0.2.3.
2025-05-23T16:24:27.195553+00:00 lia-server systemd-resolved[573]: Using degraded feature set TCP instead of UDP for DNS server 10.0.2.3.
2025-05-23T16:24:27.200835+00:00 lia-server systemd-resolved[573]: Using degraded feature set UDP instead of TCP for DNS server 10.0.2.3.
2025-05-23T16:24:27.215700+00:00 lia-server systemd-resolved[573]: Using degraded feature set TCP instead of UDP for DNS server 10.0.2.3.
2025-05-23T16:24:27.220216+00:00 lia-server systemd-resolved[573]: Using degraded feature set UDP instead of TCP for DNS server 10.0.2.3.
2025-05-23T16:24:27.241280+00:00 lia-server systemd-resolved[573]: Using degraded feature set TCP instead of UDP for DNS server 10.0.2.3.
2025-05-23T16:24:27.245450+00:00 lia-server systemd-resolved[573]: Using degraded feature set UDP instead of TCP for DNS server 10.0.2.3.
2025-05-23T16:24:27.276046+00:00 lia-server systemd-resolved[573]: Using degraded feature set TCP instead of UDP for DNS server 10.0.2.3.
2025-05-23T16:24:27.280141+00:00 lia-server systemd-resolved[573]: Using degraded feature set UDP instead of TCP for DNS server 10.0.2.3.
2025-05-23T16:24:27.301264+00:00 lia-server systemd-resolved[573]: Using degraded feature set TCP instead of UDP for DNS server 10.0.2.3.
2025-05-23T16:24:27.306029+00:00 lia-server systemd-resolved[573]: Using degraded feature set UDP instead of TCP for DNS server 10.0.2.3.
2025-05-23T16:24:27.321328+00:00 lia-server systemd-resolved[573]: Using degraded feature set TCP instead of UDP for DNS server 10.0.2.3.
2025-05-23T16:24:27.326551+00:00 lia-server systemd-resolved[573]: Using degraded feature set UDP instead of TCP for DNS server 10.0.2.3.
2025-05-23T16:24:27.348740+00:00 lia-server systemd-resolved[573]: Using degraded feature set TCP instead of UDP for DNS server 10.0.2.3.
2025-05-23T16:24:27.354894+00:00 lia-server systemd-resolved[573]: Using degraded feature set UDP instead of TCP for DNS server 10.0.2.3.
2025-05-23T16:24:27.374489+00:00 lia-server systemd-resolved[573]: Using degraded feature set TCP instead of UDP for DNS server 10.0.2.3.
2025-05-23T16:24:27.379475+00:00 lia-server systemd-resolved[573]: Using degraded feature set UDP instead of TCP for DNS server 10.0.2.3.
2025-05-23T16:24:27.394819+00:00 lia-server systemd-resolved[573]: Using degraded feature set TCP instead of UDP for DNS server 10.0.2.3.
2025-05-23T16:24:27.400167+00:00 lia-server systemd-resolved[573]: Using degraded feature set UDP instead of TCP for DNS server 10.0.2.3.
2025-05-23T16:24:27.411493+00:00 lia-server systemd-resolved[573]: Using degraded feature set TCP instead of UDP for DNS server 10.0.2.3.
2025-05-23T16:24:27.412997+00:00 lia-server systemd-resolved[573]: Using degraded feature set UDP instead of TCP for DNS server 10.0.2.3.
2025-05-23T16:24:27.422726+00:00 lia-server systemd-resolved[573]: Using degraded feature set TCP instead of UDP for DNS server 10.0.2.3.
2025-05-23T16:24:27.425217+00:00 lia-server systemd-resolved[573]: Using degraded feature set UDP instead of TCP for DNS server 10.0.2.3.
2025-05-23T16:24:27.435606+00:00 lia-server systemd-resolved[573]: Using degraded feature set TCP instead of UDP for DNS server 10.0.2.3.
2025-05-23T16:24:27.440527+00:00 lia-server systemd-resolved[573]: Using degraded feature set UDP instead of TCP for DNS server 10.0.2.3.
2025-05-23T16:24:27.462043+00:00 lia-server systemd-resolved[573]: Using degraded feature set TCP instead of UDP for DNS server 10.0.2.3.
2025-05-23T16:24:27.468426+00:00 lia-server systemd-resolved[573]: Using degraded feature set UDP instead of TCP for DNS server 10.0.2.3.
2025-05-23T16:24:27.481741+00:00 lia-server systemd-resolved[573]: Using degraded feature set TCP instead of UDP for DNS server 10.0.2.3.
2025-05-23T16:24:27.486204+00:00 lia-server systemd-resolved[573]: Using degraded feature set UDP instead of TCP for DNS server 10.0.2.3.
2025-05-23T16:24:27.501627+00:00 lia-server systemd-resolved[573]: Using degraded feature set TCP instead of UDP for DNS server 10.0.2.3.
2025-05-23T16:24:27.503715+00:00 lia-server systemd-resolved[573]: Using degraded feature set UDP instead of TCP for DNS server 10.0.2.3.
2025-05-23T16:24:27.512483+00:00 lia-server systemd-resolved[573]: Using degraded feature set TCP instead of UDP for DNS server 10.0.2.3.
2025-05-23T16:24:27.517570+00:00 lia-server systemd-resolved[573]: Using degraded feature set UDP instead of TCP for DNS server 10.0.2.3.
2025-05-23T16:24:27.536573+00:00 lia-server systemd-resolved[573]: Using degraded feature set TCP instead of UDP for DNS server 10.0.2.3.
2025-05-23T16:24:27.541460+00:00 lia-server systemd-resolved[573]: Using degraded feature set UDP instead of TCP for DNS server 10.0.2.3.
2025-05-23T16:59:09.609705+00:00 lia-server systemd-resolved[573]: Clock change detected. Flushing caches.
2025-05-23T17:51:56.619708+00:00 lia-server systemd-resolved[573]: Grace period over, resuming full feature set (UDP+EDNS0) for DNS server 10.0.2.3.
2025-05-23T17:51:56.631657+00:00 lia-server systemd-resolved[573]: Using degraded feature set UDP instead of UDP+EDNS0 for DNS server 10.0.2.3.
2025-05-23T17:52:17.257059+00:00 lia-server systemd-resolved[573]: Using degraded feature set UDP instead of UDP+EDNS0 for DNS server 10.0.2.3.
2025-05-23T18:49:28.253888+00:00 lia-server systemd-resolved[573]: Grace period over, resuming full feature set (UDP+EDNS0) for DNS server 10.0.2.3.
2025-05-24T07:21:39.508274+00:00 lia-server systemd-resolved[554]: Positive Trust Anchors:
2025-05-24T07:21:39.508279+00:00 lia-server systemd-resolved[554]: . IN DS 20326 8 2 e06d44b80b8f1d39a95c0b0d7c65d08458e880409bbc683457104237c7f8ec8d
2025-05-24T07:21:39.508284+00:00 lia-server systemd-resolved[554]: Negative trust anchors: home.arpa 10.in-addr.arpa 16.172.in-addr.arpa 17.172.in-addr.arpa 18.172.in-addr.arpa 19.172.in-addr.arpa 20.172.in-addr.arpa 21.172.in-addr.arpa 22.172.in-addr.arpa 23.172.in-addr.arpa 24.172.in-addr.arpa 25.172.in-addr.arpa 26.172.in-addr.arpa 27.172.in-addr.arpa 28.172.in-addr.arpa 29.172.in-addr.arpa 30.172.in-addr.arpa 31.172.in-addr.arpa 170.0.0.192.in-addr.arpa 171.0.0.192.in-addr.arpa 168.192.in-addr.arpa d.f.ip6.arpa ipv4only.arpa corp home internal intranet lan local private test
2025-05-24T07:21:39.508301+00:00 lia-server systemd-resolved[554]: Using system hostname 'lia-server'.
2025-05-24T07:22:11.083125+00:00 lia-server systemd-resolved[554]: Clock change detected. Flushing caches.
2025-05-24T09:30:55.857021+00:00 lia-server systemd-resolved[614]: Positive Trust Anchors:
2025-05-24T09:30:55.857027+00:00 lia-server systemd-resolved[614]: . IN DS 20326 8 2 e06d44b80b8f1d39a95c0b0d7c65d08458e880409bbc683457104237c7f8ec8d
2025-05-24T09:30:55.857033+00:00 lia-server systemd-resolved[614]: Negative trust anchors: home.arpa 10.in-addr.arpa 16.172.in-addr.arpa 17.172.in-addr.arpa 18.172.in-addr.arpa 19.172.in-addr.arpa 20.172.in-addr.arpa 21.172.in-addr.arpa 22.172.in-addr.arpa 23.172.in-addr.arpa 24.172.in-addr.arpa 25.172.in-addr.arpa 26.172.in-addr.arpa 27.172.in-addr.arpa 28.172.in-addr.arpa 29.172.in-addr.arpa 30.172.in-addr.arpa 31.172.in-addr.arpa 170.0.0.192.in-addr.arpa 171.0.0.192.in-addr.arpa 168.192.in-addr.arpa d.f.ip6.arpa ipv4only.arpa corp home internal intranet lan local private test
2025-05-24T09:30:55.857060+00:00 lia-server systemd-resolved[614]: Using system hostname 'lia-server'.
2025-05-24T09:31:29.562694+00:00 lia-server systemd-resolved[614]: Clock change detected. Flushing caches.
2025-05-24T15:48:46.347965+00:00 lia-server systemd-resolved[5724]: Positive Trust Anchors:
2025-05-24T15:48:46.348600+00:00 lia-server systemd-resolved[5724]: . IN DS 20326 8 2 e06d44b80b8f1d39a95c0b0d7c65d08458e880409bbc683457104237c7f8ec8d
2025-05-24T15:48:46.348736+00:00 lia-server systemd-resolved[5724]: Negative trust anchors: home.arpa 10.in-addr.arpa 16.172.in-addr.arpa 17.172.in-addr.arpa 18.172.in-addr.arpa 19.172.in-addr.arpa 20.172.in-addr.arpa 21.172.in-addr.arpa 22.172.in-addr.arpa 23.172.in-addr.arpa 24.172.in-addr.arpa 25.172.in-addr.arpa 26.172.in-addr.arpa 27.172.in-addr.arpa 28.172.in-addr.arpa 29.172.in-addr.arpa 30.172.in-addr.arpa 31.172.in-addr.arpa 170.0.0.192.in-addr.arpa 171.0.0.192.in-addr.arpa 168.192.in-addr.arpa d.f.ip6.arpa ipv4only.arpa corp home internal intranet lan local private test
2025-05-24T15:48:46.349273+00:00 lia-server systemd-resolved[5724]: Using system hostname 'lia-server'.
2025-05-25T13:51:43.876422+00:00 lia-server systemd-resolved[5724]: Clock change detected. Flushing caches.
2025-05-26T07:37:18.473727+00:00 lia-server systemd-resolved[5724]: Clock change detected. Flushing caches.
2025-05-26T15:06:30.016810+00:00 lia-server systemd-resolved[22406]: Positive Trust Anchors:
2025-05-26T15:06:30.017309+00:00 lia-server systemd-resolved[22406]: . IN DS 20326 8 2 e06d44b80b8f1d39a95c0b0d7c65d08458e880409bbc683457104237c7f8ec8d
2025-05-26T15:06:30.017423+00:00 lia-server systemd-resolved[22406]: Negative trust anchors: home.arpa 10.in-addr.arpa 16.172.in-addr.arpa 17.172.in-addr.arpa 18.172.in-addr.arpa 19.172.in-addr.arpa 20.172.in-addr.arpa 21.172.in-addr.arpa 22.172.in-addr.arpa 23.172.in-addr.arpa 24.172.in-addr.arpa 25.172.in-addr.arpa 26.172.in-addr.arpa 27.172.in-addr.arpa 28.172.in-addr.arpa 29.172.in-addr.arpa 30.172.in-addr.arpa 31.172.in-addr.arpa 170.0.0.192.in-addr.arpa 171.0.0.192.in-addr.arpa 168.192.in-addr.arpa d.f.ip6.arpa ipv4only.arpa corp home internal intranet lan local private test
2025-05-26T15:06:30.103539+00:00 lia-server systemd-resolved[22406]: Using system hostname 'lia-server'.
2025-05-27T03:14:01.568559+00:00 lia-server systemd-resolved[22406]: Clock change detected. Flushing caches.
2025-05-27T10:28:27.674136+00:00 lia-server systemd-resolved[22406]: Clock change detected. Flushing caches.
2025-05-28T04:38:55.771728+00:00 lia-server systemd-resolved[22406]: Clock change detected. Flushing caches.
2025-05-28T07:40:07.777733+00:00 lia-server systemd-resolved[22406]: Clock change detected. Flushing caches.
2025-05-28T08:17:41.510423+00:00 lia-server systemd-resolved[27705]: Positive Trust Anchors:
2025-05-28T08:17:41.512493+00:00 lia-server systemd-resolved[27705]: . IN DS 20326 8 2 e06d44b80b8f1d39a95c0b0d7c65d08458e880409bbc683457104237c7f8ec8d
2025-05-28T08:17:41.513095+00:00 lia-server systemd-resolved[27705]: Negative trust anchors: home.arpa 10.in-addr.arpa 16.172.in-addr.arpa 17.172.in-addr.arpa 18.172.in-addr.arpa 19.172.in-addr.arpa 20.172.in-addr.arpa 21.172.in-addr.arpa 22.172.in-addr.arpa 23.172.in-addr.arpa 24.172.in-addr.arpa 25.172.in-addr.arpa 26.172.in-addr.arpa 27.172.in-addr.arpa 28.172.in-addr.arpa 29.172.in-addr.arpa 30.172.in-addr.arpa 31.172.in-addr.arpa 170.0.0.192.in-addr.arpa 171.0.0.192.in-addr.arpa 168.192.in-addr.arpa d.f.ip6.arpa ipv4only.arpa corp home internal intranet lan local private test
2025-05-28T08:17:41.514519+00:00 lia-server systemd-resolved[27705]: Using system hostname 'lia-server'.
2025-05-30T08:20:08.127237+00:00 lia-server systemd-resolved[27705]: Clock change detected. Flushing caches.
2025-05-30T13:15:08.920140+00:00 lia-server systemd-resolved[528]: Positive Trust Anchors:
2025-05-30T13:15:08.920147+00:00 lia-server systemd-resolved[528]: . IN DS 20326 8 2 e06d44b80b8f1d39a95c0b0d7c65d08458e880409bbc683457104237c7f8ec8d
2025-05-30T13:15:08.920155+00:00 lia-server systemd-resolved[528]: Negative trust anchors: home.arpa 10.in-addr.arpa 16.172.in-addr.arpa 17.172.in-addr.arpa 18.172.in-addr.arpa 19.172.in-addr.arpa 20.172.in-addr.arpa 21.172.in-addr.arpa 22.172.in-addr.arpa 23.172.in-addr.arpa 24.172.in-addr.arpa 25.172.in-addr.arpa 26.172.in-addr.arpa 27.172.in-addr.arpa 28.172.in-addr.arpa 29.172.in-addr.arpa 30.172.in-addr.arpa 31.172.in-addr.arpa 170.0.0.192.in-addr.arpa 171.0.0.192.in-addr.arpa 168.192.in-addr.arpa d.f.ip6.arpa ipv4only.arpa corp home internal intranet lan local private test
2025-05-30T13:15:08.920184+00:00 lia-server systemd-resolved[528]: Using system hostname 'lia-server'.
2025-05-30T13:15:58.042674+00:00 lia-server systemd-resolved[528]: Clock change detected. Flushing caches.
2025-05-30T13:57:53.092635+00:00 lia-server systemd-resolved[2078]: Positive Trust Anchors:
2025-05-30T13:57:53.093044+00:00 lia-server systemd-resolved[2078]: . IN DS 20326 8 2 e06d44b80b8f1d39a95c0b0d7c65d08458e880409bbc683457104237c7f8ec8d
2025-05-30T13:57:53.093361+00:00 lia-server systemd-resolved[2078]: Negative trust anchors: home.arpa 10.in-addr.arpa 16.172.in-addr.arpa 17.172.in-addr.arpa 18.172.in-addr.arpa 19.172.in-addr.arpa 20.172.in-addr.arpa 21.172.in-addr.arpa 22.172.in-addr.arpa 23.172.in-addr.arpa 24.172.in-addr.arpa 25.172.in-addr.arpa 26.172.in-addr.arpa 27.172.in-addr.arpa 28.172.in-addr.arpa 29.172.in-addr.arpa 30.172.in-addr.arpa 31.172.in-addr.arpa 170.0.0.192.in-addr.arpa 171.0.0.192.in-addr.arpa 168.192.in-addr.arpa d.f.ip6.arpa ipv4only.arpa corp home internal intranet lan local private test
2025-05-30T13:57:53.186438+00:00 lia-server systemd-resolved[2078]: Using system hostname 'lia-server'.
2025-05-30T14:19:53.939935+00:00 lia-server systemd-resolved[2181]: Positive Trust Anchors:
2025-05-30T14:19:53.940021+00:00 lia-server systemd-resolved[2181]: . IN DS 20326 8 2 e06d44b80b8f1d39a95c0b0d7c65d08458e880409bbc683457104237c7f8ec8d
2025-05-30T14:19:53.940062+00:00 lia-server systemd-resolved[2181]: Negative trust anchors: home.arpa 10.in-addr.arpa 16.172.in-addr.arpa 17.172.in-addr.arpa 18.172.in-addr.arpa 19.172.in-addr.arpa 20.172.in-addr.arpa 21.172.in-addr.arpa 22.172.in-addr.arpa 23.172.in-addr.arpa 24.172.in-addr.arpa 25.172.in-addr.arpa 26.172.in-addr.arpa 27.172.in-addr.arpa 28.172.in-addr.arpa 29.172.in-addr.arpa 30.172.in-addr.arpa 31.172.in-addr.arpa 170.0.0.192.in-addr.arpa 171.0.0.192.in-addr.arpa 168.192.in-addr.arpa d.f.ip6.arpa ipv4only.arpa corp home internal intranet lan local private test
2025-05-30T14:19:53.941068+00:00 lia-server systemd-resolved[2181]: Using system hostname 'lia-server'.
2025-05-30T14:19:56.948152+00:00 lia-server systemd-resolved[2181]: Using degraded feature set UDP instead of UDP+EDNS0 for DNS server 10.0.2.3.
2025-05-30T14:19:57.329559+00:00 lia-server systemd-resolved[2181]: Using degraded feature set TCP instead of UDP for DNS server 10.0.2.3.
2025-05-30T14:19:57.341806+00:00 lia-server systemd-resolved[2181]: Using degraded feature set UDP instead of TCP for DNS server 10.0.2.3.
2025-05-30T14:19:57.343649+00:00 lia-server systemd-resolved[2181]: Using degraded feature set TCP instead of UDP for DNS server 10.0.2.3.
2025-05-30T14:19:57.345409+00:00 lia-server systemd-resolved[2181]: Using degraded feature set UDP instead of TCP for DNS server 10.0.2.3.
2025-05-30T14:19:57.348135+00:00 lia-server systemd-resolved[2181]: Using degraded feature set TCP instead of UDP for DNS server 10.0.2.3.
2025-05-30T14:19:57.350598+00:00 lia-server systemd-resolved[2181]: Using degraded feature set UDP instead of TCP for DNS server 10.0.2.3.
2025-05-30T14:19:57.352892+00:00 lia-server systemd-resolved[2181]: Using degraded feature set TCP instead of UDP for DNS server 10.0.2.3.
2025-05-30T14:19:57.355397+00:00 lia-server systemd-resolved[2181]: Using degraded feature set UDP instead of TCP for DNS server 10.0.2.3.
2025-05-30T14:19:57.357905+00:00 lia-server systemd-resolved[2181]: Using degraded feature set TCP instead of UDP for DNS server 10.0.2.3.
2025-05-30T14:19:57.361390+00:00 lia-server systemd-resolved[2181]: Using degraded feature set UDP instead of TCP for DNS server 10.0.2.3.
2025-05-30T14:19:57.363751+00:00 lia-server systemd-resolved[2181]: Using degraded feature set TCP instead of UDP for DNS server 10.0.2.3.
2025-05-30T14:19:57.365986+00:00 lia-server systemd-resolved[2181]: Using degraded feature set UDP instead of TCP for DNS server 10.0.2.3.
2025-05-30T14:19:57.369987+00:00 lia-server systemd-resolved[2181]: Using degraded feature set TCP instead of UDP for DNS server 10.0.2.3.
2025-05-30T14:19:57.372807+00:00 lia-server systemd-resolved[2181]: Using degraded feature set UDP instead of TCP for DNS server 10.0.2.3.
2025-05-30T14:19:57.374551+00:00 lia-server systemd-resolved[2181]: Using degraded feature set TCP instead of UDP for DNS server 10.0.2.3.
2025-05-30T14:19:57.377219+00:00 lia-server systemd-resolved[2181]: Using degraded feature set UDP instead of TCP for DNS server 10.0.2.3.
2025-05-30T14:19:57.379653+00:00 lia-server systemd-resolved[2181]: Using degraded feature set TCP instead of UDP for DNS server 10.0.2.3.
2025-05-30T14:19:57.381910+00:00 lia-server systemd-resolved[2181]: Using degraded feature set UDP instead of TCP for DNS server 10.0.2.3.
2025-05-30T14:19:57.384105+00:00 lia-server systemd-resolved[2181]: Using degraded feature set TCP instead of UDP for DNS server 10.0.2.3.
2025-05-30T14:19:57.386200+00:00 lia-server systemd-resolved[2181]: Using degraded feature set UDP instead of TCP for DNS server 10.0.2.3.
2025-05-30T14:19:57.388598+00:00 lia-server systemd-resolved[2181]: Using degraded feature set TCP instead of UDP for DNS server 10.0.2.3.
2025-05-30T14:19:57.391081+00:00 lia-server systemd-resolved[2181]: Using degraded feature set UDP instead of TCP for DNS server 10.0.2.3.
2025-05-30T14:19:57.393241+00:00 lia-server systemd-resolved[2181]: Using degraded feature set TCP instead of UDP for DNS server 10.0.2.3.
2025-05-30T14:19:57.395647+00:00 lia-server systemd-resolved[2181]: Using degraded feature set UDP instead of TCP for DNS server 10.0.2.3.
2025-05-30T14:19:57.398316+00:00 lia-server systemd-resolved[2181]: Using degraded feature set TCP instead of UDP for DNS server 10.0.2.3.
2025-05-30T14:19:57.400787+00:00 lia-server systemd-resolved[2181]: Using degraded feature set UDP instead of TCP for DNS server 10.0.2.3.
2025-05-30T14:19:57.402821+00:00 lia-server systemd-resolved[2181]: Using degraded feature set TCP instead of UDP for DNS server 10.0.2.3.
2025-05-30T14:19:57.405121+00:00 lia-server systemd-resolved[2181]: Using degraded feature set UDP instead of TCP for DNS server 10.0.2.3.
2025-05-30T14:19:57.407690+00:00 lia-server systemd-resolved[2181]: Using degraded feature set TCP instead of UDP for DNS server 10.0.2.3.
2025-05-30T14:19:57.410771+00:00 lia-server systemd-resolved[2181]: Using degraded feature set UDP instead of TCP for DNS server 10.0.2.3.
2025-05-30T14:19:57.412962+00:00 lia-server systemd-resolved[2181]: Using degraded feature set TCP instead of UDP for DNS server 10.0.2.3.
2025-05-30T14:19:57.415424+00:00 lia-server systemd-resolved[2181]: Using degraded feature set UDP instead of TCP for DNS server 10.0.2.3.
2025-05-30T14:19:57.418609+00:00 lia-server systemd-resolved[2181]: Using degraded feature set TCP instead of UDP for DNS server 10.0.2.3.
2025-05-30T14:19:57.420711+00:00 lia-server systemd-resolved[2181]: Using degraded feature set UDP instead of TCP for DNS server 10.0.2.3.
2025-05-30T14:19:57.422563+00:00 lia-server systemd-resolved[2181]: Using degraded feature set TCP instead of UDP for DNS server 10.0.2.3.
2025-05-30T14:19:57.425068+00:00 lia-server systemd-resolved[2181]: Using degraded feature set UDP instead of TCP for DNS server 10.0.2.3.
2025-05-30T14:19:57.427399+00:00 lia-server systemd-resolved[2181]: Using degraded feature set TCP instead of UDP for DNS server 10.0.2.3.
2025-05-30T14:19:57.430254+00:00 lia-server systemd-resolved[2181]: Using degraded feature set UDP instead of TCP for DNS server 10.0.2.3.
2025-05-30T14:19:57.432373+00:00 lia-server systemd-resolved[2181]: Using degraded feature set TCP instead of UDP for DNS server 10.0.2.3.
2025-05-30T14:19:57.435568+00:00 lia-server systemd-resolved[2181]: Using degraded feature set UDP instead of TCP for DNS server 10.0.2.3.
2025-05-30T14:19:59.947743+00:00 lia-server systemd-resolved[2181]: Using degraded feature set TCP instead of UDP for DNS server 10.0.2.3.
2025-05-30T14:19:59.949509+00:00 lia-server systemd-resolved[2181]: Using degraded feature set UDP instead of TCP for DNS server 10.0.2.3.
2025-05-30T14:20:27.837398+00:00 lia-server systemd-resolved[2181]: Using degraded feature set TCP instead of UDP for DNS server 10.0.2.3.
2025-05-30T14:20:27.857127+00:00 lia-server systemd-resolved[2181]: Using degraded feature set UDP instead of TCP for DNS server 10.0.2.3.
2025-05-30T14:20:33.048379+00:00 lia-server systemd-resolved[2181]: Using degraded feature set TCP instead of UDP for DNS server 10.0.2.3.
2025-05-30T14:20:33.065554+00:00 lia-server systemd-resolved[2181]: Using degraded feature set UDP instead of TCP for DNS server 10.0.2.3.
2025-05-30T14:20:38.352867+00:00 lia-server systemd-resolved[2181]: Using degraded feature set TCP instead of UDP for DNS server 10.0.2.3.
2025-05-30T14:20:38.361542+00:00 lia-server systemd-resolved[2181]: Using degraded feature set UDP instead of TCP for DNS server 10.0.2.3.
2025-05-30T14:20:43.358030+00:00 lia-server systemd-resolved[2181]: Using degraded feature set TCP instead of UDP for DNS server 10.0.2.3.
2025-05-30T14:20:43.366881+00:00 lia-server systemd-resolved[2181]: Using degraded feature set UDP instead of TCP for DNS server 10.0.2.3.
2025-05-30T14:20:48.375123+00:00 lia-server systemd-resolved[2181]: Using degraded feature set TCP instead of UDP for DNS server 10.0.2.3.
2025-05-30T14:20:48.392230+00:00 lia-server systemd-resolved[2181]: Using degraded feature set UDP instead of TCP for DNS server 10.0.2.3.
2025-05-30T14:20:53.382706+00:00 lia-server systemd-resolved[2181]: Using degraded feature set TCP instead of UDP for DNS server 10.0.2.3.
2025-05-30T14:20:53.385762+00:00 lia-server systemd-resolved[2181]: Using degraded feature set UDP instead of TCP for DNS server 10.0.2.3.
2025-05-30T14:20:53.547856+00:00 lia-server systemd-resolved[2181]: Using degraded feature set TCP instead of UDP for DNS server 10.0.2.3.
2025-05-30T14:20:53.550599+00:00 lia-server systemd-resolved[2181]: Using degraded feature set UDP instead of TCP for DNS server 10.0.2.3.
2025-05-30T15:38:19.132154+00:00 lia-server systemd-resolved[2181]: Using degraded feature set UDP instead of UDP+EDNS0 for DNS server 8.8.8.8.
2025-05-30T15:38:26.023085+00:00 lia-server systemd-resolved[2181]: Using degraded feature set UDP instead of UDP+EDNS0 for DNS server 1.1.1.1.
2025-05-30T15:38:31.805025+00:00 lia-server systemd-resolved[2181]: Using degraded feature set TCP instead of UDP for DNS server 8.8.8.8.
2025-05-30T15:38:42.831856+00:00 lia-server systemd-resolved[2181]: Using degraded feature set TCP instead of UDP for DNS server 1.1.1.1.
2025-05-30T15:39:25.153850+00:00 lia-server systemd-resolved[2181]: Using degraded feature set UDP instead of TCP for DNS server 1.1.1.1.
2025-05-30T15:39:30.301020+00:00 lia-server systemd-resolved[2181]: Using degraded feature set UDP instead of TCP for DNS server 8.8.8.8.
2025-05-30T15:39:36.839894+00:00 lia-server systemd-resolved[2181]: Using degraded feature set TCP instead of UDP for DNS server 1.1.1.1.
2025-05-30T15:39:47.042023+00:00 lia-server systemd-resolved[2181]: Using degraded feature set TCP instead of UDP for DNS server 8.8.8.8.
2025-05-30T15:39:57.846107+00:00 lia-server systemd-resolved[2181]: Using degraded feature set UDP instead of TCP for DNS server 1.1.1.1.
2025-05-30T15:40:03.041791+00:00 lia-server systemd-resolved[2181]: Using degraded feature set UDP instead of TCP for DNS server 8.8.8.8.
2025-05-30T15:40:08.299763+00:00 lia-server systemd-resolved[2181]: Using degraded feature set TCP instead of UDP for DNS server 1.1.1.1.
2025-05-30T15:40:18.548080+00:00 lia-server systemd-resolved[2181]: Using degraded feature set TCP instead of UDP for DNS server 8.8.8.8.
2025-05-30T15:40:39.400084+00:00 lia-server systemd-resolved[2181]: Using degraded feature set UDP instead of TCP for DNS server 8.8.8.8.
2025-05-30T15:40:55.046861+00:00 lia-server systemd-resolved[2181]: Using degraded feature set TCP instead of UDP for DNS server 8.8.8.8.
2025-05-30T15:41:05.294772+00:00 lia-server systemd-resolved[2181]: Using degraded feature set UDP instead of TCP for DNS server 1.1.1.1.
2025-05-30T15:41:20.793348+00:00 lia-server systemd-resolved[2181]: Using degraded feature set TCP instead of UDP for DNS server 1.1.1.1.
2025-05-30T15:41:41.292427+00:00 lia-server systemd-resolved[2181]: Using degraded feature set UDP instead of TCP for DNS server 1.1.1.1.
2025-05-30T15:42:08.920469+00:00 lia-server systemd-resolved[2181]: Using degraded feature set UDP instead of UDP+EDNS0 for DNS server 8.8.8.8.
2025-05-30T15:42:14.513534+00:00 lia-server systemd-resolved[2181]: Using degraded feature set UDP instead of UDP+EDNS0 for DNS server 1.1.1.1.
2025-05-30T15:42:24.824379+00:00 lia-server systemd-resolved[2181]: Using degraded feature set TCP instead of UDP for DNS server 1.1.1.1.
2025-05-30T15:42:35.048345+00:00 lia-server systemd-resolved[2181]: Using degraded feature set TCP instead of UDP for DNS server 8.8.8.8.
2025-05-30T15:43:19.542809+00:00 lia-server systemd-resolved[2181]: Using degraded feature set UDP instead of TCP for DNS server 8.8.8.8.
2025-05-30T15:43:24.794584+00:00 lia-server systemd-resolved[2181]: Using degraded feature set UDP instead of TCP for DNS server 1.1.1.1.
2025-05-30T15:43:30.345513+00:00 lia-server systemd-resolved[2181]: Using degraded feature set TCP instead of UDP for DNS server 8.8.8.8.
2025-05-30T15:43:40.620407+00:00 lia-server systemd-resolved[2181]: Using degraded feature set TCP instead of UDP for DNS server 1.1.1.1.
2025-05-30T15:43:50.803503+00:00 lia-server systemd-resolved[2181]: Using degraded feature set UDP instead of TCP for DNS server 8.8.8.8.
2025-05-30T15:44:07.433421+00:00 lia-server systemd-resolved[2181]: Using degraded feature set TCP instead of UDP for DNS server 8.8.8.8.
2025-05-30T15:44:28.019647+00:00 lia-server systemd-resolved[2181]: Using degraded feature set UDP instead of TCP for DNS server 8.8.8.8.
2025-05-30T15:44:33.064000+00:00 lia-server systemd-resolved[2181]: Using degraded feature set UDP instead of TCP for DNS server 1.1.1.1.
2025-05-30T15:44:38.587408+00:00 lia-server systemd-resolved[2181]: Using degraded feature set TCP instead of UDP for DNS server 8.8.8.8.
2025-05-30T15:44:48.871531+00:00 lia-server systemd-resolved[2181]: Using degraded feature set TCP instead of UDP for DNS server 1.1.1.1.
2025-05-30T15:44:59.046973+00:00 lia-server systemd-resolved[2181]: Using degraded feature set UDP instead of TCP for DNS server 8.8.8.8.
2025-05-30T15:45:04.449642+00:00 lia-server systemd-resolved[2181]: Using degraded feature set UDP instead of TCP for DNS server 1.1.1.1.
2025-05-30T15:45:09.921017+00:00 lia-server systemd-resolved[2181]: Using degraded feature set TCP instead of UDP for DNS server 8.8.8.8.
2025-05-30T15:45:20.304738+00:00 lia-server systemd-resolved[2181]: Using degraded feature set TCP instead of UDP for DNS server 1.1.1.1.
2025-05-30T15:45:41.990411+00:00 lia-server systemd-resolved[2181]: Using degraded feature set UDP instead of TCP for DNS server 1.1.1.1.
2025-05-30T15:45:57.359986+00:00 lia-server systemd-resolved[2181]: Using degraded feature set TCP instead of UDP for DNS server 1.1.1.1.
2025-05-30T15:46:07.540528+00:00 lia-server systemd-resolved[2181]: Using degraded feature set UDP instead of TCP for DNS server 8.8.8.8.
2025-05-30T15:46:13.926555+00:00 lia-server systemd-resolved[2181]: Using degraded feature set UDP instead of TCP for DNS server 1.1.1.1.
2025-05-30T15:46:19.531419+00:00 lia-server systemd-resolved[2181]: Using degraded feature set TCP instead of UDP for DNS server 8.8.8.8.
2025-05-30T15:46:29.578122+00:00 lia-server systemd-resolved[2181]: Using degraded feature set TCP instead of UDP for DNS server 1.1.1.1.
2025-05-30T15:46:50.065667+00:00 lia-server systemd-resolved[2181]: Using degraded feature set UDP instead of TCP for DNS server 1.1.1.1.
2025-05-30T15:47:07.519039+00:00 lia-server systemd-resolved[2181]: Using degraded feature set TCP instead of UDP for DNS server 1.1.1.1.
2025-05-30T15:47:18.344776+00:00 lia-server systemd-resolved[2181]: Using degraded feature set UDP instead of TCP for DNS server 8.8.8.8.
2025-05-30T15:47:23.906570+00:00 lia-server systemd-resolved[2181]: Using degraded feature set UDP instead of TCP for DNS server 1.1.1.1.
2025-05-30T15:47:29.054269+00:00 lia-server systemd-resolved[2181]: Using degraded feature set TCP instead of UDP for DNS server 8.8.8.8.
2025-05-30T15:47:39.307258+00:00 lia-server systemd-resolved[2181]: Using degraded feature set TCP instead of UDP for DNS server 1.1.1.1.
2025-05-30T15:47:49.621684+00:00 lia-server systemd-resolved[2181]: Using degraded feature set UDP instead of TCP for DNS server 8.8.8.8.
2025-05-30T15:48:05.173481+00:00 lia-server systemd-resolved[2181]: Using degraded feature set TCP instead of UDP for DNS server 8.8.8.8.
2025-05-30T15:48:15.293493+00:00 lia-server systemd-resolved[2181]: Using degraded feature set UDP instead of TCP for DNS server 1.1.1.1.
2025-05-30T15:48:30.815610+00:00 lia-server systemd-resolved[2181]: Using degraded feature set TCP instead of UDP for DNS server 1.1.1.1.
2025-05-30T15:48:41.052221+00:00 lia-server systemd-resolved[2181]: Using degraded feature set UDP instead of TCP for DNS server 8.8.8.8.
2025-05-30T15:48:56.540977+00:00 lia-server systemd-resolved[2181]: Using degraded feature set TCP instead of UDP for DNS server 8.8.8.8.
2025-05-30T15:49:06.710147+00:00 lia-server systemd-resolved[2181]: Using degraded feature set UDP instead of TCP for DNS server 1.1.1.1.
2025-05-30T15:49:12.245324+00:00 lia-server systemd-resolved[2181]: Using degraded feature set UDP instead of TCP for DNS server 8.8.8.8.
2025-05-30T15:49:17.291949+00:00 lia-server systemd-resolved[2181]: Using degraded feature set TCP instead of UDP for DNS server 1.1.1.1.
2025-05-30T15:49:28.556163+00:00 lia-server systemd-resolved[2181]: Using degraded feature set TCP instead of UDP for DNS server 8.8.8.8.
2025-05-30T15:49:49.555441+00:00 lia-server systemd-resolved[2181]: Using degraded feature set UDP instead of TCP for DNS server 8.8.8.8.
2025-05-30T15:49:54.795465+00:00 lia-server systemd-resolved[2181]: Using degraded feature set UDP instead of TCP for DNS server 1.1.1.1.
2025-05-30T15:50:00.041083+00:00 lia-server systemd-resolved[2181]: Using degraded feature set TCP instead of UDP for DNS server 8.8.8.8.
2025-05-30T15:50:10.442240+00:00 lia-server systemd-resolved[2181]: Using degraded feature set TCP instead of UDP for DNS server 1.1.1.1.
2025-05-30T15:50:51.389249+00:00 lia-server systemd-resolved[2181]: Using degraded feature set UDP instead of TCP for DNS server 1.1.1.1.
2025-05-30T15:50:56.642760+00:00 lia-server systemd-resolved[2181]: Using degraded feature set UDP instead of TCP for DNS server 8.8.8.8.
2025-05-30T15:51:01.797381+00:00 lia-server systemd-resolved[2181]: Using degraded feature set TCP instead of UDP for DNS server 1.1.1.1.
2025-05-30T15:51:12.054663+00:00 lia-server systemd-resolved[2181]: Using degraded feature set TCP instead of UDP for DNS server 8.8.8.8.
2025-05-30T15:51:22.412477+00:00 lia-server systemd-resolved[2181]: Using degraded feature set UDP instead of TCP for DNS server 1.1.1.1.
2025-05-30T15:51:38.474658+00:00 lia-server systemd-resolved[2181]: Using degraded feature set TCP instead of UDP for DNS server 1.1.1.1.
2025-05-30T15:52:09.046882+00:00 lia-server systemd-resolved[2181]: Using degraded feature set UDP instead of TCP for DNS server 8.8.8.8.
2025-05-30T15:52:25.009432+00:00 lia-server systemd-resolved[2181]: Using degraded feature set TCP instead of UDP for DNS server 8.8.8.8.
2025-05-30T15:52:35.062616+00:00 lia-server systemd-resolved[2181]: Using degraded feature set UDP instead of TCP for DNS server 1.1.1.1.
2025-05-30T15:52:50.544084+00:00 lia-server systemd-resolved[2181]: Using degraded feature set TCP instead of UDP for DNS server 1.1.1.1.
2025-05-30T15:53:21.543013+00:00 lia-server systemd-resolved[2181]: Using degraded feature set UDP instead of TCP for DNS server 8.8.8.8.
2025-05-30T15:53:26.795342+00:00 lia-server systemd-resolved[2181]: Using degraded feature set UDP instead of TCP for DNS server 1.1.1.1.
2025-05-30T15:53:32.078082+00:00 lia-server systemd-resolved[2181]: Using degraded feature set TCP instead of UDP for DNS server 8.8.8.8.
2025-05-30T15:53:42.294197+00:00 lia-server systemd-resolved[2181]: Using degraded feature set TCP instead of UDP for DNS server 1.1.1.1.
2025-05-30T15:54:13.570093+00:00 lia-server systemd-resolved[2181]: Using degraded feature set UDP instead of TCP for DNS server 8.8.8.8.
2025-05-30T15:54:29.320657+00:00 lia-server systemd-resolved[2181]: Using degraded feature set TCP instead of UDP for DNS server 8.8.8.8.
2025-05-30T15:54:39.626503+00:00 lia-server systemd-resolved[2181]: Using degraded feature set UDP instead of TCP for DNS server 1.1.1.1.
2025-05-30T15:54:55.040664+00:00 lia-server systemd-resolved[2181]: Using degraded feature set TCP instead of UDP for DNS server 1.1.1.1.
2025-05-30T15:55:05.291823+00:00 lia-server systemd-resolved[2181]: Using degraded feature set UDP instead of TCP for DNS server 8.8.8.8.
2025-05-30T15:55:20.831614+00:00 lia-server systemd-resolved[2181]: Using degraded feature set TCP instead of UDP for DNS server 8.8.8.8.
2025-05-30T15:55:30.894978+00:00 lia-server systemd-resolved[2181]: Using degraded feature set UDP instead of TCP for DNS server 1.1.1.1.
2025-05-30T15:55:37.540297+00:00 lia-server systemd-resolved[2181]: Using degraded feature set UDP instead of TCP for DNS server 8.8.8.8.
2025-05-30T15:55:42.582604+00:00 lia-server systemd-resolved[2181]: Using degraded feature set TCP instead of UDP for DNS server 1.1.1.1.
2025-05-30T15:55:52.955742+00:00 lia-server systemd-resolved[2181]: Using degraded feature set TCP instead of UDP for DNS server 8.8.8.8.
2025-05-30T15:56:03.870376+00:00 lia-server systemd-resolved[2181]: Using degraded feature set UDP instead of TCP for DNS server 1.1.1.1.
2025-05-30T15:56:20.081608+00:00 lia-server systemd-resolved[2181]: Using degraded feature set TCP instead of UDP for DNS server 1.1.1.1.
2025-05-30T15:56:52.295955+00:00 lia-server systemd-resolved[2181]: Using degraded feature set UDP instead of TCP for DNS server 8.8.8.8.
2025-05-30T15:56:58.883196+00:00 lia-server systemd-resolved[2181]: Using degraded feature set UDP instead of TCP for DNS server 1.1.1.1.
2025-05-30T15:57:04.046210+00:00 lia-server systemd-resolved[2181]: Using degraded feature set TCP instead of UDP for DNS server 8.8.8.8.
2025-05-30T15:57:14.299565+00:00 lia-server systemd-resolved[2181]: Using degraded feature set TCP instead of UDP for DNS server 1.1.1.1.
2025-05-30T15:57:24.548109+00:00 lia-server systemd-resolved[2181]: Using degraded feature set UDP instead of TCP for DNS server 8.8.8.8.
2025-05-30T15:57:29.796134+00:00 lia-server systemd-resolved[2181]: Using degraded feature set UDP instead of TCP for DNS server 1.1.1.1.
2025-05-30T15:57:35.045133+00:00 lia-server systemd-resolved[2181]: Using degraded feature set TCP instead of UDP for DNS server 8.8.8.8.
2025-05-30T15:57:45.765232+00:00 lia-server systemd-resolved[2181]: Using degraded feature set TCP instead of UDP for DNS server 1.1.1.1.
2025-05-30T15:57:55.829547+00:00 lia-server systemd-resolved[2181]: Using degraded feature set UDP instead of TCP for DNS server 8.8.8.8.
2025-05-30T15:58:12.416514+00:00 lia-server systemd-resolved[2181]: Using degraded feature set TCP instead of UDP for DNS server 8.8.8.8.
2025-05-30T15:58:22.819148+00:00 lia-server systemd-resolved[2181]: Using degraded feature set UDP instead of TCP for DNS server 1.1.1.1.
2025-05-30T15:58:38.311508+00:00 lia-server systemd-resolved[2181]: Using degraded feature set TCP instead of UDP for DNS server 1.1.1.1.
2025-05-30T15:58:48.541676+00:00 lia-server systemd-resolved[2181]: Using degraded feature set UDP instead of TCP for DNS server 8.8.8.8.
2025-05-30T15:59:04.041690+00:00 lia-server systemd-resolved[2181]: Using degraded feature set TCP instead of UDP for DNS server 8.8.8.8.
2025-05-30T15:59:24.541490+00:00 lia-server systemd-resolved[2181]: Using degraded feature set UDP instead of TCP for DNS server 8.8.8.8.
2025-05-30T15:59:30.916446+00:00 lia-server systemd-resolved[2181]: Using degraded feature set UDP instead of TCP for DNS server 1.1.1.1.
2025-05-30T15:59:36.403112+00:00 lia-server systemd-resolved[2181]: Using degraded feature set TCP instead of UDP for DNS server 8.8.8.8.
2025-05-30T15:59:46.449756+00:00 lia-server systemd-resolved[2181]: Using degraded feature set TCP instead of UDP for DNS server 1.1.1.1.
2025-05-30T15:59:56.553324+00:00 lia-server systemd-resolved[2181]: Using degraded feature set UDP instead of TCP for DNS server 8.8.8.8.
2025-05-30T16:00:12.140929+00:00 lia-server systemd-resolved[2181]: Using degraded feature set TCP instead of UDP for DNS server 8.8.8.8.
2025-05-30T16:00:22.320633+00:00 lia-server systemd-resolved[2181]: Using degraded feature set UDP instead of TCP for DNS server 1.1.1.1.
2025-05-30T16:00:37.794581+00:00 lia-server systemd-resolved[2181]: Using degraded feature set TCP instead of UDP for DNS server 1.1.1.1.
2025-05-30T16:01:09.429827+00:00 lia-server systemd-resolved[2181]: Using degraded feature set UDP instead of TCP for DNS server 8.8.8.8.
2025-05-30T16:01:14.978821+00:00 lia-server systemd-resolved[2181]: Using degraded feature set UDP instead of TCP for DNS server 1.1.1.1.
2025-05-30T16:01:20.496364+00:00 lia-server systemd-resolved[2181]: Using degraded feature set TCP instead of UDP for DNS server 8.8.8.8.
2025-05-30T16:01:30.668973+00:00 lia-server systemd-resolved[2181]: Using degraded feature set TCP instead of UDP for DNS server 1.1.1.1.
2025-05-30T16:01:42.520104+00:00 lia-server systemd-resolved[2181]: Using degraded feature set UDP instead of TCP for DNS server 8.8.8.8.
2025-05-30T16:01:50.438796+00:00 lia-server systemd-resolved[2181]: Using degraded feature set UDP instead of TCP for DNS server 1.1.1.1.
2025-05-30T16:01:55.554743+00:00 lia-server systemd-resolved[2181]: Using degraded feature set TCP instead of UDP for DNS server 8.8.8.8.
2025-05-30T16:02:05.836479+00:00 lia-server systemd-resolved[2181]: Using degraded feature set TCP instead of UDP for DNS server 1.1.1.1.
2025-05-30T16:02:16.279551+00:00 lia-server systemd-resolved[2181]: Using degraded feature set UDP instead of TCP for DNS server 8.8.8.8.
2025-05-30T16:02:31.541188+00:00 lia-server systemd-resolved[2181]: Using degraded feature set TCP instead of UDP for DNS server 8.8.8.8.
2025-05-30T16:02:41.791681+00:00 lia-server systemd-resolved[2181]: Using degraded feature set UDP instead of TCP for DNS server 1.1.1.1.
2025-05-30T16:02:58.081540+00:00 lia-server systemd-resolved[2181]: Using degraded feature set TCP instead of UDP for DNS server 1.1.1.1.
2025-05-30T16:03:08.428416+00:00 lia-server systemd-resolved[2181]: Using degraded feature set UDP instead of TCP for DNS server 8.8.8.8.
2025-05-30T16:03:23.896160+00:00 lia-server systemd-resolved[2181]: Using degraded feature set TCP instead of UDP for DNS server 8.8.8.8.
2025-05-30T16:03:34.044497+00:00 lia-server systemd-resolved[2181]: Using degraded feature set UDP instead of TCP for DNS server 1.1.1.1.
2025-05-30T16:03:50.694475+00:00 lia-server systemd-resolved[2181]: Using degraded feature set TCP instead of UDP for DNS server 1.1.1.1.
2025-05-30T16:04:00.818872+00:00 lia-server systemd-resolved[2181]: Using degraded feature set UDP instead of TCP for DNS server 8.8.8.8.
2025-05-30T16:04:16.291700+00:00 lia-server systemd-resolved[2181]: Using degraded feature set TCP instead of UDP for DNS server 8.8.8.8.
2025-05-30T16:04:36.821352+00:00 lia-server systemd-resolved[2181]: Using degraded feature set UDP instead of TCP for DNS server 8.8.8.8.
2025-05-30T16:04:42.043199+00:00 lia-server systemd-resolved[2181]: Using degraded feature set UDP instead of TCP for DNS server 1.1.1.1.
2025-05-30T16:04:47.294992+00:00 lia-server systemd-resolved[2181]: Using degraded feature set TCP instead of UDP for DNS server 8.8.8.8.
2025-05-30T16:04:57.546563+00:00 lia-server systemd-resolved[2181]: Using degraded feature set TCP instead of UDP for DNS server 1.1.1.1.
2025-05-30T16:05:07.872182+00:00 lia-server systemd-resolved[2181]: Using degraded feature set UDP instead of TCP for DNS server 8.8.8.8.
2025-05-30T16:05:23.482921+00:00 lia-server systemd-resolved[2181]: Using degraded feature set TCP instead of UDP for DNS server 8.8.8.8.
2025-05-30T16:05:43.805586+00:00 lia-server systemd-resolved[2181]: Using degraded feature set UDP instead of TCP for DNS server 8.8.8.8.
2025-05-30T16:05:48.810147+00:00 lia-server systemd-resolved[2181]: Using degraded feature set UDP instead of TCP for DNS server 1.1.1.1.
2025-05-30T16:05:54.040660+00:00 lia-server systemd-resolved[2181]: Using degraded feature set TCP instead of UDP for DNS server 8.8.8.8.
2025-05-30T16:06:04.300728+00:00 lia-server systemd-resolved[2181]: Using degraded feature set TCP instead of UDP for DNS server 1.1.1.1.
2025-05-30T16:06:14.542806+00:00 lia-server systemd-resolved[2181]: Using degraded feature set UDP instead of TCP for DNS server 8.8.8.8.
2025-05-30T16:06:30.045344+00:00 lia-server systemd-resolved[2181]: Using degraded feature set TCP instead of UDP for DNS server 8.8.8.8.
2025-05-30T16:06:41.245409+00:00 lia-server systemd-resolved[2181]: Using degraded feature set UDP instead of TCP for DNS server 1.1.1.1.
2025-05-30T16:06:56.544967+00:00 lia-server systemd-resolved[2181]: Using degraded feature set TCP instead of UDP for DNS server 1.1.1.1.
2025-05-30T16:07:27.294382+00:00 lia-server systemd-resolved[2181]: Using degraded feature set UDP instead of TCP for DNS server 8.8.8.8.
2025-05-30T16:07:44.137617+00:00 lia-server systemd-resolved[2181]: Using degraded feature set TCP instead of UDP for DNS server 8.8.8.8.
2025-05-30T16:07:54.553138+00:00 lia-server systemd-resolved[2181]: Using degraded feature set UDP instead of TCP for DNS server 1.1.1.1.
2025-05-30T16:07:59.799996+00:00 lia-server systemd-resolved[2181]: Using degraded feature set UDP instead of TCP for DNS server 8.8.8.8.
2025-05-30T16:08:05.058086+00:00 lia-server systemd-resolved[2181]: Using degraded feature set TCP instead of UDP for DNS server 1.1.1.1.
2025-05-30T16:08:15.447780+00:00 lia-server systemd-resolved[2181]: Using degraded feature set TCP instead of UDP for DNS server 8.8.8.8.
2025-05-30T16:08:25.959024+00:00 lia-server systemd-resolved[2181]: Using degraded feature set UDP instead of TCP for DNS server 1.1.1.1.
2025-05-30T16:08:31.041194+00:00 lia-server systemd-resolved[2181]: Using degraded feature set UDP instead of TCP for DNS server 8.8.8.8.
2025-05-30T16:08:36.303218+00:00 lia-server systemd-resolved[2181]: Using degraded feature set TCP instead of UDP for DNS server 1.1.1.1.
2025-05-30T16:08:46.545281+00:00 lia-server systemd-resolved[2181]: Using degraded feature set TCP instead of UDP for DNS server 8.8.8.8.
2025-05-30T16:08:56.794382+00:00 lia-server systemd-resolved[2181]: Using degraded feature set UDP instead of TCP for DNS server 1.1.1.1.
2025-05-30T16:09:02.213168+00:00 lia-server systemd-resolved[2181]: Using degraded feature set UDP instead of TCP for DNS server 8.8.8.8.
2025-05-30T16:09:07.531928+00:00 lia-server systemd-resolved[2181]: Using degraded feature set TCP instead of UDP for DNS server 1.1.1.1.
2025-05-30T16:09:17.543635+00:00 lia-server systemd-resolved[2181]: Using degraded feature set TCP instead of UDP for DNS server 8.8.8.8.
2025-05-30T16:09:38.045797+00:00 lia-server systemd-resolved[2181]: Using degraded feature set UDP instead of TCP for DNS server 8.8.8.8.
2025-05-30T16:09:43.340429+00:00 lia-server systemd-resolved[2181]: Using degraded feature set UDP instead of TCP for DNS server 1.1.1.1.
2025-05-30T16:09:48.550637+00:00 lia-server systemd-resolved[2181]: Using degraded feature set TCP instead of UDP for DNS server 8.8.8.8.
2025-05-30T16:09:59.095144+00:00 lia-server systemd-resolved[2181]: Using degraded feature set TCP instead of UDP for DNS server 1.1.1.1.
2025-05-30T16:10:09.633276+00:00 lia-server systemd-resolved[2181]: Using degraded feature set UDP instead of TCP for DNS server 8.8.8.8.
2025-05-30T16:10:25.040884+00:00 lia-server systemd-resolved[2181]: Using degraded feature set TCP instead of UDP for DNS server 8.8.8.8.
2025-05-31T09:20:13.750075+00:00 lia-server systemd-resolved[2181]: Clock change detected. Flushing caches.
