2025-05-21T10:29:56.428451+00:00 lia-server adduser[11145]: The home dir /var/lib/zabbix/ you specified can't be accessed: No such file or directory
2025-05-21T10:29:56.433677+00:00 lia-server adduser[11145]: Selecting UID from range 100 to 999 ...
2025-05-21T10:29:56.437336+00:00 lia-server adduser[11145]: Adding system user `zabbix' (UID 112) ...
2025-05-21T10:29:56.440234+00:00 lia-server adduser[11145]: Adding new user `zabbix' (UID 112) with group `zabbix' ...
2025-05-21T10:29:56.497019+00:00 lia-server adduser[11145]: Not creating home directory `/var/lib/zabbix/'.
2025-05-21T10:30:00.809332+00:00 lia-server adduser[12938]: The home dir /var/lib/snmp you specified already exists.
2025-05-21T10:30:00.826448+00:00 lia-server adduser[12938]: Selecting UID from range 100 to 999 ...
2025-05-21T10:30:00.832815+00:00 lia-server adduser[12938]: Selecting GID from range 100 to 999 ...
2025-05-21T10:30:00.836403+00:00 lia-server adduser[12938]: Adding system user `Debian-snmp' (UID 113) ...
2025-05-21T10:30:00.840456+00:00 lia-server adduser[12938]: Adding new group `Debian-snmp' (GID 114) ...
2025-05-21T10:30:00.874754+00:00 lia-server adduser[12938]: Adding new user `Debian-snmp' (UID 113) with group `Debian-snmp' ...
2025-05-21T10:30:00.926444+00:00 lia-server adduser[12938]: The home directory `/var/lib/snmp' already exists.  Not touching this directory.
2025-05-21T10:30:00.932405+00:00 lia-server adduser[12938]: Warning: The home directory `/var/lib/snmp' does not belong to the user you are currently creating.
2025-05-21T10:40:48.287273+00:00 lia-server adduser[15145]: The home dir /nonexistent you specified can't be accessed: No such file or directory
2025-05-21T10:40:48.294002+00:00 lia-server adduser[15145]: Selecting UID from range 100 to 999 ...
2025-05-21T10:40:48.297849+00:00 lia-server adduser[15145]: Adding system user `_galera' (UID 114) ...
2025-05-21T10:40:48.301433+00:00 lia-server adduser[15145]: Adding new user `_galera' (UID 114) with group `nogroup' ...
2025-05-21T10:40:48.357273+00:00 lia-server adduser[15145]: Not creating `/nonexistent'.
2025-05-21T10:40:49.958640+00:00 lia-server adduser[15246]: The home dir /nonexistent you specified can't be accessed: No such file or directory
2025-05-21T10:40:49.963792+00:00 lia-server adduser[15246]: Selecting UID from range 100 to 999 ...
2025-05-21T10:40:49.968411+00:00 lia-server adduser[15246]: Adding system user `mysql' (UID 115) ...
2025-05-21T10:40:49.971393+00:00 lia-server adduser[15246]: Adding new user `mysql' (UID 115) with group `mysql' ...
2025-05-21T10:40:50.043775+00:00 lia-server adduser[15246]: Not creating `/nonexistent'.
