2025-05-21T10:29:59.469744+00:00 lia-server php8.3-cli: php_invoke dom: already enabled for PHP 8.3 cli sapi
2025-05-21T10:29:59.507212+00:00 lia-server php8.3-cli: php_invoke readline: already enabled for PHP 8.3 cli sapi
2025-05-21T10:29:59.544019+00:00 lia-server php8.3-cli: php_invoke simplexml: already enabled for PHP 8.3 cli sapi
2025-05-21T10:29:59.579471+00:00 lia-server php8.3-cli: php_invoke ffi: already enabled for PHP 8.3 cli sapi
2025-05-21T10:29:59.616741+00:00 lia-server php8.3-cli: php_invoke xml: already enabled for PHP 8.3 cli sapi
2025-05-21T10:29:59.651434+00:00 lia-server php8.3-cli: php_invoke bcmath: already enabled for PHP 8.3 cli sapi
2025-05-21T10:29:59.687109+00:00 lia-server php8.3-cli: php_invoke xmlwriter: already enabled for PHP 8.3 cli sapi
2025-05-21T10:29:59.720871+00:00 lia-server php8.3-cli: php_invoke phar: already enabled for PHP 8.3 cli sapi
2025-05-21T10:29:59.756179+00:00 lia-server php8.3-cli: php_invoke sysvsem: already enabled for PHP 8.3 cli sapi
2025-05-21T10:29:59.788633+00:00 lia-server php8.3-cli: php_invoke fileinfo: already enabled for PHP 8.3 cli sapi
2025-05-21T10:29:59.827099+00:00 lia-server php8.3-cli: php_invoke ftp: already enabled for PHP 8.3 cli sapi
2025-05-21T10:29:59.867319+00:00 lia-server php8.3-cli: php_invoke posix: already enabled for PHP 8.3 cli sapi
2025-05-21T10:29:59.901680+00:00 lia-server php8.3-cli: php_invoke calendar: already enabled for PHP 8.3 cli sapi
2025-05-21T10:29:59.937586+00:00 lia-server php8.3-cli: php_invoke ldap: already enabled for PHP 8.3 cli sapi
2025-05-21T10:29:59.973602+00:00 lia-server php8.3-cli: php_invoke sysvmsg: already enabled for PHP 8.3 cli sapi
2025-05-21T10:30:00.008647+00:00 lia-server php8.3-cli: php_invoke opcache: already enabled for PHP 8.3 cli sapi
2025-05-21T10:30:00.046655+00:00 lia-server php8.3-cli: php_invoke mysqli: already enabled for PHP 8.3 cli sapi
2025-05-21T10:30:00.082867+00:00 lia-server php8.3-cli: php_invoke xmlreader: already enabled for PHP 8.3 cli sapi
2025-05-21T10:30:00.119166+00:00 lia-server php8.3-cli: php_invoke xsl: already enabled for PHP 8.3 cli sapi
2025-05-21T10:30:00.153856+00:00 lia-server php8.3-cli: php_invoke tokenizer: already enabled for PHP 8.3 cli sapi
2025-05-21T10:30:00.189355+00:00 lia-server php8.3-cli: php_invoke mbstring: already enabled for PHP 8.3 cli sapi
2025-05-21T10:30:00.225472+00:00 lia-server php8.3-cli: php_invoke sysvshm: already enabled for PHP 8.3 cli sapi
2025-05-21T10:30:00.259991+00:00 lia-server php8.3-cli: php_invoke gd: already enabled for PHP 8.3 cli sapi
2025-05-21T10:30:00.294457+00:00 lia-server php8.3-cli: php_invoke mysqlnd: already enabled for PHP 8.3 cli sapi
2025-05-21T10:30:00.328889+00:00 lia-server php8.3-cli: php_invoke shmop: already enabled for PHP 8.3 cli sapi
2025-05-21T10:30:00.366311+00:00 lia-server php8.3-cli: php_invoke sockets: already enabled for PHP 8.3 cli sapi
2025-05-21T10:30:00.402628+00:00 lia-server php8.3-cli: php_invoke ctype: already enabled for PHP 8.3 cli sapi
2025-05-21T10:30:00.437516+00:00 lia-server php8.3-cli: php_invoke iconv: already enabled for PHP 8.3 cli sapi
2025-05-21T10:30:00.472355+00:00 lia-server php8.3-cli: php_invoke pdo: already enabled for PHP 8.3 cli sapi
2025-05-21T10:30:00.507099+00:00 lia-server php8.3-cli: php_invoke pdo_mysql: already enabled for PHP 8.3 cli sapi
2025-05-21T10:30:00.541897+00:00 lia-server php8.3-cli: php_invoke exif: already enabled for PHP 8.3 cli sapi
2025-05-21T10:30:00.577124+00:00 lia-server php8.3-cli: php_invoke gettext: already enabled for PHP 8.3 cli sapi
