Logs backed up to /home/muhad308/lia-linux-project/logs/backups/2025-05-31_11-00-01
Logs backed up to /home/muhad308/lia-linux-project/logs/backups/2025-05-31_11-01-01
Logs backed up to /home/muhad308/lia-linux-project/logs/backups/2025-05-31_11-01-46
Logs backed up to /home/muhad308/lia-linux-project/logs/backups/2025-05-31_11-02-01
Logs backed up to /home/muhad308/lia-linux-project/logs/backups/2025-05-31_11-03-01
Logs backed up to /home/muhad308/lia-linux-project/logs/backups/2025-05-31_11-04-01
Logs backed up to /home/muhad308/lia-linux-project/logs/backups/2025-05-31_12-00-02
Logs backed up to /home/muhad308/lia-linux-project/logs/backups/2025-05-31_23-52-13
Logs backed up to /home/muhad308/lia-linux-project/logs/backups/2025-06-01_12-00-01
[main e340ead] Daily log backup: 2025-06-01_12:00:01
 123 files changed, 41498 insertions(+)
 create mode 100644 logs/backups/2025-06-01_12-00-01/remote/lia-server/(cron).log
 create mode 100644 logs/backups/2025-06-01_12-00-01/remote/lia-server/(mariadbd).log
 create mode 100644 logs/backups/2025-06-01_12-00-01/remote/lia-server/(systemd).log
 create mode 100644 logs/backups/2025-06-01_12-00-01/remote/lia-server/(udev-worker).log
 create mode 100644 logs/backups/2025-06-01_12-00-01/remote/lia-server/.log
 create mode 100644 logs/backups/2025-06-01_12-00-01/remote/lia-server/50-motd-news.log
 create mode 100644 logs/backups/2025-06-01_12-00-01/remote/lia-server/50-motd-news.log.1.gz
 create mode 100644 logs/backups/2025-06-01_12-00-01/remote/lia-server/CRON.log
 create mode 100644 logs/backups/2025-06-01_12-00-01/remote/lia-server/CRON.log.1.gz
 create mode 100644 logs/backups/2025-06-01_12-00-01/remote/lia-server/ModemManager.log
 create mode 100644 logs/backups/2025-06-01_12-00-01/remote/lia-server/PackageKit.log
 create mode 100644 logs/backups/2025-06-01_12-00-01/remote/lia-server/addgroup.log
 create mode 100644 logs/backups/2025-06-01_12-00-01/remote/lia-server/adduser.log
 create mode 100644 logs/backups/2025-06-01_12-00-01/remote/lia-server/apache2.postinst.log
 create mode 100644 logs/backups/2025-06-01_12-00-01/remote/lia-server/apachectl.log
 create mode 100644 logs/backups/2025-06-01_12-00-01/remote/lia-server/apparmor.systemd.log
 create mode 100644 logs/backups/2025-06-01_12-00-01/remote/lia-server/chfn.log
 create mode 100644 logs/backups/2025-06-01_12-00-01/remote/lia-server/cron.log
 create mode 100644 logs/backups/2025-06-01_12-00-01/remote/lia-server/crontab.log
 create mode 100644 logs/backups/2025-06-01_12-00-01/remote/lia-server/dbus-daemon.log
 create mode 100644 logs/backups/2025-06-01_12-00-01/remote/lia-server/dbus-daemon.log.1.gz
 create mode 100644 logs/backups/2025-06-01_12-00-01/remote/lia-server/dhcpd.log
 create mode 100644 logs/backups/2025-06-01_12-00-01/remote/lia-server/dhcpd.log.1.gz
 create mode 100644 logs/backups/2025-06-01_12-00-01/remote/lia-server/fail2ban-server.log
 create mode 100644 logs/backups/2025-06-01_12-00-01/remote/lia-server/fwupd.log
 create mode 100644 logs/backups/2025-06-01_12-00-01/remote/lia-server/fwupd.log.1.gz
 create mode 100644 logs/backups/2025-06-01_12-00-01/remote/lia-server/fwupdmgr.log
 create mode 100644 logs/backups/2025-06-01_12-00-01/remote/lia-server/fwupdmgr.log.1.gz
 create mode 100644 logs/backups/2025-06-01_12-00-01/remote/lia-server/groupadd.log
 create mode 100644 logs/backups/2025-06-01_12-00-01/remote/lia-server/kernel.log
 create mode 100644 logs/backups/2025-06-01_12-00-01/remote/lia-server/kernel.log.1.gz
 create mode 100644 logs/backups/2025-06-01_12-00-01/remote/lia-server/libapache2-mod-php8.3.log
 create mode 100644 logs/backups/2025-06-01_12-00-01/remote/lia-server/login.log
 create mode 100644 logs/backups/2025-06-01_12-00-01/remote/lia-server/lvm.log
 create mode 100644 logs/backups/2025-06-01_12-00-01/remote/lia-server/mariadb-server.postinst.log
 create mode 100644 logs/backups/2025-06-01_12-00-01/remote/lia-server/mariadbd.log
 create mode 100644 logs/backups/2025-06-01_12-00-01/remote/lia-server/muhad308.log
 create mode 100644 logs/backups/2025-06-01_12-00-01/remote/lia-server/multipathd.log
 create mode 100644 logs/backups/2025-06-01_12-00-01/remote/lia-server/named.log
 create mode 100644 logs/backups/2025-06-01_12-00-01/remote/lia-server/named.log.1.gz
 create mode 100644 logs/backups/2025-06-01_12-00-01/remote/lia-server/php8.3-bcmath.log
 create mode 100644 logs/backups/2025-06-01_12-00-01/remote/lia-server/php8.3-cli.log
 create mode 100644 logs/backups/2025-06-01_12-00-01/remote/lia-server/php8.3-common.log
 create mode 100644 logs/backups/2025-06-01_12-00-01/remote/lia-server/php8.3-gd.log
 create mode 100644 logs/backups/2025-06-01_12-00-01/remote/lia-server/php8.3-ldap.log
 create mode 100644 logs/backups/2025-06-01_12-00-01/remote/lia-server/php8.3-mbstring.log
 create mode 100644 logs/backups/2025-06-01_12-00-01/remote/lia-server/php8.3-mysql.log
 create mode 100644 logs/backups/2025-06-01_12-00-01/remote/lia-server/php8.3-opcache.log
 create mode 100644 logs/backups/2025-06-01_12-00-01/remote/lia-server/php8.3-readline.log
 create mode 100644 logs/backups/2025-06-01_12-00-01/remote/lia-server/php8.3-xml.log
 create mode 100644 logs/backups/2025-06-01_12-00-01/remote/lia-server/polkitd.log
 create mode 100644 logs/backups/2025-06-01_12-00-01/remote/lia-server/python3.log
 create mode 100644 logs/backups/2025-06-01_12-00-01/remote/lia-server/rsyslogd.log
 create mode 100644 logs/backups/2025-06-01_12-00-01/remote/lia-server/rsyslogd.log.1.gz
 create mode 100644 logs/backups/2025-06-01_12-00-01/remote/lia-server/sh.log
 create mode 100644 logs/backups/2025-06-01_12-00-01/remote/lia-server/snapd-apparmor.log
 create mode 100644 logs/backups/2025-06-01_12-00-01/remote/lia-server/snapd.log
 create mode 100644 logs/backups/2025-06-01_12-00-01/remote/lia-server/sshd.log
 create mode 100644 logs/backups/2025-06-01_12-00-01/remote/lia-server/sshd.log.1.gz
 create mode 100644 logs/backups/2025-06-01_12-00-01/remote/lia-server/sudo.log
 create mode 100644 logs/backups/2025-06-01_12-00-01/remote/lia-server/sudo.log.1.gz
 create mode 100644 logs/backups/2025-06-01_12-00-01/remote/lia-server/systemd-fsck.log
 create mode 100644 logs/backups/2025-06-01_12-00-01/remote/lia-server/systemd-hostnamed.log
 create mode 100644 logs/backups/2025-06-01_12-00-01/remote/lia-server/systemd-logind.log
 create mode 100644 logs/backups/2025-06-01_12-00-01/remote/lia-server/systemd-logind.log.1.gz
 create mode 100644 logs/backups/2025-06-01_12-00-01/remote/lia-server/systemd-modules-load.log
 create mode 100644 logs/backups/2025-06-01_12-00-01/remote/lia-server/systemd-networkd.log
 create mode 100644 logs/backups/2025-06-01_12-00-01/remote/lia-server/systemd-resolved.log
 create mode 100644 logs/backups/2025-06-01_12-00-01/remote/lia-server/systemd-resolved.log.1.gz
 create mode 100644 logs/backups/2025-06-01_12-00-01/remote/lia-server/systemd-timesyncd.log
 create mode 100644 logs/backups/2025-06-01_12-00-01/remote/lia-server/systemd-timesyncd.log.1.gz
 create mode 100644 logs/backups/2025-06-01_12-00-01/remote/lia-server/systemd-udevd.log
 create mode 100644 logs/backups/2025-06-01_12-00-01/remote/lia-server/systemd.log
 create mode 100644 logs/backups/2025-06-01_12-00-01/remote/lia-server/systemd.log.1.gz
 create mode 100644 logs/backups/2025-06-01_12-00-01/remote/lia-server/udisksd.log
 create mode 100644 logs/backups/2025-06-01_12-00-01/remote/lia-server/useradd.log
 create mode 100644 logs/backups/2025-06-01_12-00-01/remote/liaserver2/(cron).log
 create mode 100644 logs/backups/2025-06-01_12-00-01/remote/liaserver2/(systemd).log
 create mode 100644 logs/backups/2025-06-01_12-00-01/remote/liaserver2/(udev-worker).log
 create mode 100644 logs/backups/2025-06-01_12-00-01/remote/liaserver2/50-motd-news.log
 create mode 100644 logs/backups/2025-06-01_12-00-01/remote/liaserver2/CRON.log
 create mode 100644 logs/backups/2025-06-01_12-00-01/remote/liaserver2/CRON.log.1.gz
 create mode 100644 logs/backups/2025-06-01_12-00-01/remote/liaserver2/ModemManager.log
 create mode 100644 logs/backups/2025-06-01_12-00-01/remote/liaserver2/PackageKit.log
 create mode 100644 logs/backups/2025-06-01_12-00-01/remote/liaserver2/addgroup.log
 create mode 100644 logs/backups/2025-06-01_12-00-01/remote/liaserver2/adduser.log
 create mode 100644 logs/backups/2025-06-01_12-00-01/remote/liaserver2/apparmor.systemd.log
 create mode 100644 logs/backups/2025-06-01_12-00-01/remote/liaserver2/cron.log
 create mode 100644 logs/backups/2025-06-01_12-00-01/remote/liaserver2/dbus-daemon.log
 create mode 100644 logs/backups/2025-06-01_12-00-01/remote/liaserver2/dhclient.log
 create mode 100644 logs/backups/2025-06-01_12-00-01/remote/liaserver2/fwupd.log
 create mode 100644 logs/backups/2025-06-01_12-00-01/remote/liaserver2/fwupdmgr.log
 create mode 100644 logs/backups/2025-06-01_12-00-01/remote/liaserver2/fwupdmgr.log.1.gz
 create mode 100644 logs/backups/2025-06-01_12-00-01/remote/liaserver2/groupadd.log
 create mode 100644 logs/backups/2025-06-01_12-00-01/remote/liaserver2/kernel.log
 create mode 100644 logs/backups/2025-06-01_12-00-01/remote/liaserver2/lia.log
 create mode 100644 logs/backups/2025-06-01_12-00-01/remote/liaserver2/lia.log.1.gz
 create mode 100644 logs/backups/2025-06-01_12-00-01/remote/liaserver2/login.log
 create mode 100644 logs/backups/2025-06-01_12-00-01/remote/liaserver2/lvm.log
 create mode 100644 logs/backups/2025-06-01_12-00-01/remote/liaserver2/multipathd.log
 create mode 100644 logs/backups/2025-06-01_12-00-01/remote/liaserver2/polkitd.log
 create mode 100644 logs/backups/2025-06-01_12-00-01/remote/liaserver2/pollinate.log
 create mode 100644 logs/backups/2025-06-01_12-00-01/remote/liaserver2/python3.log
 create mode 100644 logs/backups/2025-06-01_12-00-01/remote/liaserver2/release-upgrade-motd.log
 create mode 100644 logs/backups/2025-06-01_12-00-01/remote/liaserver2/rsyslogd.log
 create mode 100644 logs/backups/2025-06-01_12-00-01/remote/liaserver2/rsyslogd.log.1.gz
 create mode 100644 logs/backups/2025-06-01_12-00-01/remote/liaserver2/snapd-apparmor.log
 create mode 100644 logs/backups/2025-06-01_12-00-01/remote/liaserver2/snapd.log
 create mode 100644 logs/backups/2025-06-01_12-00-01/remote/liaserver2/sshd.log
 create mode 100644 logs/backups/2025-06-01_12-00-01/remote/liaserver2/sudo.log
 create mode 100644 logs/backups/2025-06-01_12-00-01/remote/liaserver2/systemd-fsck.log
 create mode 100644 logs/backups/2025-06-01_12-00-01/remote/liaserver2/systemd-hostnamed.log
 create mode 100644 logs/backups/2025-06-01_12-00-01/remote/liaserver2/systemd-logind.log
 create mode 100644 logs/backups/2025-06-01_12-00-01/remote/liaserver2/systemd-modules-load.log
 create mode 100644 logs/backups/2025-06-01_12-00-01/remote/liaserver2/systemd-networkd.log
 create mode 100644 logs/backups/2025-06-01_12-00-01/remote/liaserver2/systemd-resolved.log
 create mode 100644 logs/backups/2025-06-01_12-00-01/remote/liaserver2/systemd-timesyncd.log
 create mode 100644 logs/backups/2025-06-01_12-00-01/remote/liaserver2/systemd-timesyncd.log.1.gz
 create mode 100644 logs/backups/2025-06-01_12-00-01/remote/liaserver2/systemd-udevd.log
 create mode 100644 logs/backups/2025-06-01_12-00-01/remote/liaserver2/systemd.log
 create mode 100644 logs/backups/2025-06-01_12-00-01/remote/liaserver2/systemd.log.1.gz
 create mode 100644 logs/backups/2025-06-01_12-00-01/remote/liaserver2/udisksd.log
 create mode 100644 logs/backups/2025-06-01_12-00-01/remote/liaserver2/useradd.log
To github.com:muhad308/lia-linux-project.git
 ! [rejected]        main -> main (fetch first)
error: failed to push some refs to 'github.com:muhad308/lia-linux-project.git'
hint: Updates were rejected because the remote contains work that you do not
hint: have locally. This is usually caused by another repository pushing to
hint: the same ref. If you want to integrate the remote changes, use
hint: 'git pull' before pushing again.
hint: See the 'Note about fast-forwards' in 'git push --help' for details.
Logs backed up to /home/muhad308/lia-linux-project/logs/backups/2025-06-01_12-00-03
[main 8bb89b3] Daily log backup: 2025-06-01_12:00:03
 123 files changed, 41498 insertions(+)
 create mode 100644 logs/backups/2025-06-01_12-00-03/remote/lia-server/(cron).log
 create mode 100644 logs/backups/2025-06-01_12-00-03/remote/lia-server/(mariadbd).log
 create mode 100644 logs/backups/2025-06-01_12-00-03/remote/lia-server/(systemd).log
 create mode 100644 logs/backups/2025-06-01_12-00-03/remote/lia-server/(udev-worker).log
 create mode 100644 logs/backups/2025-06-01_12-00-03/remote/lia-server/.log
 create mode 100644 logs/backups/2025-06-01_12-00-03/remote/lia-server/50-motd-news.log
 create mode 100644 logs/backups/2025-06-01_12-00-03/remote/lia-server/50-motd-news.log.1.gz
 create mode 100644 logs/backups/2025-06-01_12-00-03/remote/lia-server/CRON.log
 create mode 100644 logs/backups/2025-06-01_12-00-03/remote/lia-server/CRON.log.1.gz
 create mode 100644 logs/backups/2025-06-01_12-00-03/remote/lia-server/ModemManager.log
 create mode 100644 logs/backups/2025-06-01_12-00-03/remote/lia-server/PackageKit.log
 create mode 100644 logs/backups/2025-06-01_12-00-03/remote/lia-server/addgroup.log
 create mode 100644 logs/backups/2025-06-01_12-00-03/remote/lia-server/adduser.log
 create mode 100644 logs/backups/2025-06-01_12-00-03/remote/lia-server/apache2.postinst.log
 create mode 100644 logs/backups/2025-06-01_12-00-03/remote/lia-server/apachectl.log
 create mode 100644 logs/backups/2025-06-01_12-00-03/remote/lia-server/apparmor.systemd.log
 create mode 100644 logs/backups/2025-06-01_12-00-03/remote/lia-server/chfn.log
 create mode 100644 logs/backups/2025-06-01_12-00-03/remote/lia-server/cron.log
 create mode 100644 logs/backups/2025-06-01_12-00-03/remote/lia-server/crontab.log
 create mode 100644 logs/backups/2025-06-01_12-00-03/remote/lia-server/dbus-daemon.log
 create mode 100644 logs/backups/2025-06-01_12-00-03/remote/lia-server/dbus-daemon.log.1.gz
 create mode 100644 logs/backups/2025-06-01_12-00-03/remote/lia-server/dhcpd.log
 create mode 100644 logs/backups/2025-06-01_12-00-03/remote/lia-server/dhcpd.log.1.gz
 create mode 100644 logs/backups/2025-06-01_12-00-03/remote/lia-server/fail2ban-server.log
 create mode 100644 logs/backups/2025-06-01_12-00-03/remote/lia-server/fwupd.log
 create mode 100644 logs/backups/2025-06-01_12-00-03/remote/lia-server/fwupd.log.1.gz
 create mode 100644 logs/backups/2025-06-01_12-00-03/remote/lia-server/fwupdmgr.log
 create mode 100644 logs/backups/2025-06-01_12-00-03/remote/lia-server/fwupdmgr.log.1.gz
 create mode 100644 logs/backups/2025-06-01_12-00-03/remote/lia-server/groupadd.log
 create mode 100644 logs/backups/2025-06-01_12-00-03/remote/lia-server/kernel.log
 create mode 100644 logs/backups/2025-06-01_12-00-03/remote/lia-server/kernel.log.1.gz
 create mode 100644 logs/backups/2025-06-01_12-00-03/remote/lia-server/libapache2-mod-php8.3.log
 create mode 100644 logs/backups/2025-06-01_12-00-03/remote/lia-server/login.log
 create mode 100644 logs/backups/2025-06-01_12-00-03/remote/lia-server/lvm.log
 create mode 100644 logs/backups/2025-06-01_12-00-03/remote/lia-server/mariadb-server.postinst.log
 create mode 100644 logs/backups/2025-06-01_12-00-03/remote/lia-server/mariadbd.log
 create mode 100644 logs/backups/2025-06-01_12-00-03/remote/lia-server/muhad308.log
 create mode 100644 logs/backups/2025-06-01_12-00-03/remote/lia-server/multipathd.log
 create mode 100644 logs/backups/2025-06-01_12-00-03/remote/lia-server/named.log
 create mode 100644 logs/backups/2025-06-01_12-00-03/remote/lia-server/named.log.1.gz
 create mode 100644 logs/backups/2025-06-01_12-00-03/remote/lia-server/php8.3-bcmath.log
 create mode 100644 logs/backups/2025-06-01_12-00-03/remote/lia-server/php8.3-cli.log
 create mode 100644 logs/backups/2025-06-01_12-00-03/remote/lia-server/php8.3-common.log
 create mode 100644 logs/backups/2025-06-01_12-00-03/remote/lia-server/php8.3-gd.log
 create mode 100644 logs/backups/2025-06-01_12-00-03/remote/lia-server/php8.3-ldap.log
 create mode 100644 logs/backups/2025-06-01_12-00-03/remote/lia-server/php8.3-mbstring.log
 create mode 100644 logs/backups/2025-06-01_12-00-03/remote/lia-server/php8.3-mysql.log
 create mode 100644 logs/backups/2025-06-01_12-00-03/remote/lia-server/php8.3-opcache.log
 create mode 100644 logs/backups/2025-06-01_12-00-03/remote/lia-server/php8.3-readline.log
 create mode 100644 logs/backups/2025-06-01_12-00-03/remote/lia-server/php8.3-xml.log
 create mode 100644 logs/backups/2025-06-01_12-00-03/remote/lia-server/polkitd.log
 create mode 100644 logs/backups/2025-06-01_12-00-03/remote/lia-server/python3.log
 create mode 100644 logs/backups/2025-06-01_12-00-03/remote/lia-server/rsyslogd.log
 create mode 100644 logs/backups/2025-06-01_12-00-03/remote/lia-server/rsyslogd.log.1.gz
 create mode 100644 logs/backups/2025-06-01_12-00-03/remote/lia-server/sh.log
 create mode 100644 logs/backups/2025-06-01_12-00-03/remote/lia-server/snapd-apparmor.log
 create mode 100644 logs/backups/2025-06-01_12-00-03/remote/lia-server/snapd.log
 create mode 100644 logs/backups/2025-06-01_12-00-03/remote/lia-server/sshd.log
 create mode 100644 logs/backups/2025-06-01_12-00-03/remote/lia-server/sshd.log.1.gz
 create mode 100644 logs/backups/2025-06-01_12-00-03/remote/lia-server/sudo.log
 create mode 100644 logs/backups/2025-06-01_12-00-03/remote/lia-server/sudo.log.1.gz
 create mode 100644 logs/backups/2025-06-01_12-00-03/remote/lia-server/systemd-fsck.log
 create mode 100644 logs/backups/2025-06-01_12-00-03/remote/lia-server/systemd-hostnamed.log
 create mode 100644 logs/backups/2025-06-01_12-00-03/remote/lia-server/systemd-logind.log
 create mode 100644 logs/backups/2025-06-01_12-00-03/remote/lia-server/systemd-logind.log.1.gz
 create mode 100644 logs/backups/2025-06-01_12-00-03/remote/lia-server/systemd-modules-load.log
 create mode 100644 logs/backups/2025-06-01_12-00-03/remote/lia-server/systemd-networkd.log
 create mode 100644 logs/backups/2025-06-01_12-00-03/remote/lia-server/systemd-resolved.log
 create mode 100644 logs/backups/2025-06-01_12-00-03/remote/lia-server/systemd-resolved.log.1.gz
 create mode 100644 logs/backups/2025-06-01_12-00-03/remote/lia-server/systemd-timesyncd.log
 create mode 100644 logs/backups/2025-06-01_12-00-03/remote/lia-server/systemd-timesyncd.log.1.gz
 create mode 100644 logs/backups/2025-06-01_12-00-03/remote/lia-server/systemd-udevd.log
 create mode 100644 logs/backups/2025-06-01_12-00-03/remote/lia-server/systemd.log
 create mode 100644 logs/backups/2025-06-01_12-00-03/remote/lia-server/systemd.log.1.gz
 create mode 100644 logs/backups/2025-06-01_12-00-03/remote/lia-server/udisksd.log
 create mode 100644 logs/backups/2025-06-01_12-00-03/remote/lia-server/useradd.log
 create mode 100644 logs/backups/2025-06-01_12-00-03/remote/liaserver2/(cron).log
 create mode 100644 logs/backups/2025-06-01_12-00-03/remote/liaserver2/(systemd).log
 create mode 100644 logs/backups/2025-06-01_12-00-03/remote/liaserver2/(udev-worker).log
 create mode 100644 logs/backups/2025-06-01_12-00-03/remote/liaserver2/50-motd-news.log
 create mode 100644 logs/backups/2025-06-01_12-00-03/remote/liaserver2/CRON.log
 create mode 100644 logs/backups/2025-06-01_12-00-03/remote/liaserver2/CRON.log.1.gz
 create mode 100644 logs/backups/2025-06-01_12-00-03/remote/liaserver2/ModemManager.log
 create mode 100644 logs/backups/2025-06-01_12-00-03/remote/liaserver2/PackageKit.log
 create mode 100644 logs/backups/2025-06-01_12-00-03/remote/liaserver2/addgroup.log
 create mode 100644 logs/backups/2025-06-01_12-00-03/remote/liaserver2/adduser.log
 create mode 100644 logs/backups/2025-06-01_12-00-03/remote/liaserver2/apparmor.systemd.log
 create mode 100644 logs/backups/2025-06-01_12-00-03/remote/liaserver2/cron.log
 create mode 100644 logs/backups/2025-06-01_12-00-03/remote/liaserver2/dbus-daemon.log
 create mode 100644 logs/backups/2025-06-01_12-00-03/remote/liaserver2/dhclient.log
 create mode 100644 logs/backups/2025-06-01_12-00-03/remote/liaserver2/fwupd.log
 create mode 100644 logs/backups/2025-06-01_12-00-03/remote/liaserver2/fwupdmgr.log
 create mode 100644 logs/backups/2025-06-01_12-00-03/remote/liaserver2/fwupdmgr.log.1.gz
 create mode 100644 logs/backups/2025-06-01_12-00-03/remote/liaserver2/groupadd.log
 create mode 100644 logs/backups/2025-06-01_12-00-03/remote/liaserver2/kernel.log
 create mode 100644 logs/backups/2025-06-01_12-00-03/remote/liaserver2/lia.log
 create mode 100644 logs/backups/2025-06-01_12-00-03/remote/liaserver2/lia.log.1.gz
 create mode 100644 logs/backups/2025-06-01_12-00-03/remote/liaserver2/login.log
 create mode 100644 logs/backups/2025-06-01_12-00-03/remote/liaserver2/lvm.log
 create mode 100644 logs/backups/2025-06-01_12-00-03/remote/liaserver2/multipathd.log
 create mode 100644 logs/backups/2025-06-01_12-00-03/remote/liaserver2/polkitd.log
 create mode 100644 logs/backups/2025-06-01_12-00-03/remote/liaserver2/pollinate.log
 create mode 100644 logs/backups/2025-06-01_12-00-03/remote/liaserver2/python3.log
 create mode 100644 logs/backups/2025-06-01_12-00-03/remote/liaserver2/release-upgrade-motd.log
 create mode 100644 logs/backups/2025-06-01_12-00-03/remote/liaserver2/rsyslogd.log
 create mode 100644 logs/backups/2025-06-01_12-00-03/remote/liaserver2/rsyslogd.log.1.gz
 create mode 100644 logs/backups/2025-06-01_12-00-03/remote/liaserver2/snapd-apparmor.log
 create mode 100644 logs/backups/2025-06-01_12-00-03/remote/liaserver2/snapd.log
 create mode 100644 logs/backups/2025-06-01_12-00-03/remote/liaserver2/sshd.log
 create mode 100644 logs/backups/2025-06-01_12-00-03/remote/liaserver2/sudo.log
 create mode 100644 logs/backups/2025-06-01_12-00-03/remote/liaserver2/systemd-fsck.log
 create mode 100644 logs/backups/2025-06-01_12-00-03/remote/liaserver2/systemd-hostnamed.log
 create mode 100644 logs/backups/2025-06-01_12-00-03/remote/liaserver2/systemd-logind.log
 create mode 100644 logs/backups/2025-06-01_12-00-03/remote/liaserver2/systemd-modules-load.log
 create mode 100644 logs/backups/2025-06-01_12-00-03/remote/liaserver2/systemd-networkd.log
 create mode 100644 logs/backups/2025-06-01_12-00-03/remote/liaserver2/systemd-resolved.log
 create mode 100644 logs/backups/2025-06-01_12-00-03/remote/liaserver2/systemd-timesyncd.log
 create mode 100644 logs/backups/2025-06-01_12-00-03/remote/liaserver2/systemd-timesyncd.log.1.gz
 create mode 100644 logs/backups/2025-06-01_12-00-03/remote/liaserver2/systemd-udevd.log
 create mode 100644 logs/backups/2025-06-01_12-00-03/remote/liaserver2/systemd.log
 create mode 100644 logs/backups/2025-06-01_12-00-03/remote/liaserver2/systemd.log.1.gz
 create mode 100644 logs/backups/2025-06-01_12-00-03/remote/liaserver2/udisksd.log
 create mode 100644 logs/backups/2025-06-01_12-00-03/remote/liaserver2/useradd.log
To github.com:muhad308/lia-linux-project.git
 ! [rejected]        main -> main (fetch first)
error: failed to push some refs to 'github.com:muhad308/lia-linux-project.git'
hint: Updates were rejected because the remote contains work that you do not
hint: have locally. This is usually caused by another repository pushing to
hint: the same ref. If you want to integrate the remote changes, use
hint: 'git pull' before pushing again.
hint: See the 'Note about fast-forwards' in 'git push --help' for details.
