2025-05-21T10:30:02.702096+00:00 lia-server libapache2-mod-php8.3: php_invoke dom: already enabled for PHP 8.3 apache2 sapi
2025-05-21T10:30:02.736640+00:00 lia-server libapache2-mod-php8.3: php_invoke readline: already enabled for PHP 8.3 apache2 sapi
2025-05-21T10:30:02.773343+00:00 lia-server libapache2-mod-php8.3: php_invoke simplexml: already enabled for PHP 8.3 apache2 sapi
2025-05-21T10:30:02.810739+00:00 lia-server libapache2-mod-php8.3: php_invoke ffi: already enabled for PHP 8.3 apache2 sapi
2025-05-21T10:30:02.849428+00:00 lia-server libapache2-mod-php8.3: php_invoke xml: already enabled for PHP 8.3 apache2 sapi
2025-05-21T10:30:02.888365+00:00 lia-server libapache2-mod-php8.3: php_invoke bcmath: already enabled for PHP 8.3 apache2 sapi
2025-05-21T10:30:02.925734+00:00 lia-server libapache2-mod-php8.3: php_invoke xmlwriter: already enabled for PHP 8.3 apache2 sapi
2025-05-21T10:30:02.962416+00:00 lia-server libapache2-mod-php8.3: php_invoke phar: already enabled for PHP 8.3 apache2 sapi
2025-05-21T10:30:02.999482+00:00 lia-server libapache2-mod-php8.3: php_invoke sysvsem: already enabled for PHP 8.3 apache2 sapi
2025-05-21T10:30:03.034964+00:00 lia-server libapache2-mod-php8.3: php_invoke fileinfo: already enabled for PHP 8.3 apache2 sapi
2025-05-21T10:30:03.070221+00:00 lia-server libapache2-mod-php8.3: php_invoke ftp: already enabled for PHP 8.3 apache2 sapi
2025-05-21T10:30:03.106623+00:00 lia-server libapache2-mod-php8.3: php_invoke posix: already enabled for PHP 8.3 apache2 sapi
2025-05-21T10:30:03.141650+00:00 lia-server libapache2-mod-php8.3: php_invoke calendar: already enabled for PHP 8.3 apache2 sapi
2025-05-21T10:30:03.176591+00:00 lia-server libapache2-mod-php8.3: php_invoke ldap: already enabled for PHP 8.3 apache2 sapi
2025-05-21T10:30:03.211491+00:00 lia-server libapache2-mod-php8.3: php_invoke sysvmsg: already enabled for PHP 8.3 apache2 sapi
2025-05-21T10:30:03.247766+00:00 lia-server libapache2-mod-php8.3: php_invoke opcache: already enabled for PHP 8.3 apache2 sapi
2025-05-21T10:30:03.283355+00:00 lia-server libapache2-mod-php8.3: php_invoke mysqli: already enabled for PHP 8.3 apache2 sapi
2025-05-21T10:30:03.319352+00:00 lia-server libapache2-mod-php8.3: php_invoke xmlreader: already enabled for PHP 8.3 apache2 sapi
2025-05-21T10:30:03.352895+00:00 lia-server libapache2-mod-php8.3: php_invoke xsl: already enabled for PHP 8.3 apache2 sapi
2025-05-21T10:30:03.390547+00:00 lia-server libapache2-mod-php8.3: php_invoke tokenizer: already enabled for PHP 8.3 apache2 sapi
2025-05-21T10:30:03.428341+00:00 lia-server libapache2-mod-php8.3: php_invoke mbstring: already enabled for PHP 8.3 apache2 sapi
2025-05-21T10:30:03.465143+00:00 lia-server libapache2-mod-php8.3: php_invoke sysvshm: already enabled for PHP 8.3 apache2 sapi
2025-05-21T10:30:03.498814+00:00 lia-server libapache2-mod-php8.3: php_invoke gd: already enabled for PHP 8.3 apache2 sapi
2025-05-21T10:30:03.532545+00:00 lia-server libapache2-mod-php8.3: php_invoke mysqlnd: already enabled for PHP 8.3 apache2 sapi
2025-05-21T10:30:03.569879+00:00 lia-server libapache2-mod-php8.3: php_invoke shmop: already enabled for PHP 8.3 apache2 sapi
2025-05-21T10:30:03.604168+00:00 lia-server libapache2-mod-php8.3: php_invoke sockets: already enabled for PHP 8.3 apache2 sapi
2025-05-21T10:30:03.639116+00:00 lia-server libapache2-mod-php8.3: php_invoke ctype: already enabled for PHP 8.3 apache2 sapi
2025-05-21T10:30:03.676759+00:00 lia-server libapache2-mod-php8.3: php_invoke iconv: already enabled for PHP 8.3 apache2 sapi
2025-05-21T10:30:03.713238+00:00 lia-server libapache2-mod-php8.3: php_invoke pdo: already enabled for PHP 8.3 apache2 sapi
2025-05-21T10:30:03.748582+00:00 lia-server libapache2-mod-php8.3: php_invoke pdo_mysql: already enabled for PHP 8.3 apache2 sapi
2025-05-21T10:30:03.785613+00:00 lia-server libapache2-mod-php8.3: php_invoke exif: already enabled for PHP 8.3 apache2 sapi
2025-05-21T10:30:03.821667+00:00 lia-server libapache2-mod-php8.3: php_invoke gettext: already enabled for PHP 8.3 apache2 sapi
