2025-05-21T10:29:41.739331+00:00 lia-server php8.3-common: php_invoke calendar: already enabled for PHP 8.3 apache2 sapi
2025-05-21T10:29:41.778141+00:00 lia-server php8.3-common: php_invoke calendar: already enabled for PHP 8.3 cli sapi
2025-05-21T10:29:42.189007+00:00 lia-server php8.3-common: php_invoke ctype: already enabled for PHP 8.3 apache2 sapi
2025-05-21T10:29:42.224688+00:00 lia-server php8.3-common: php_invoke ctype: already enabled for PHP 8.3 cli sapi
2025-05-21T10:29:42.643825+00:00 lia-server php8.3-common: php_invoke exif: already enabled for PHP 8.3 apache2 sapi
2025-05-21T10:29:42.678670+00:00 lia-server php8.3-common: php_invoke exif: already enabled for PHP 8.3 cli sapi
2025-05-21T10:29:43.080183+00:00 lia-server php8.3-common: php_invoke fileinfo: already enabled for PHP 8.3 apache2 sapi
2025-05-21T10:29:43.121102+00:00 lia-server php8.3-common: php_invoke fileinfo: already enabled for PHP 8.3 cli sapi
2025-05-21T10:29:43.528080+00:00 lia-server php8.3-common: php_invoke ffi: already enabled for PHP 8.3 apache2 sapi
2025-05-21T10:29:43.563233+00:00 lia-server php8.3-common: php_invoke ffi: already enabled for PHP 8.3 cli sapi
2025-05-21T10:29:43.965810+00:00 lia-server php8.3-common: php_invoke ftp: already enabled for PHP 8.3 apache2 sapi
2025-05-21T10:29:44.001190+00:00 lia-server php8.3-common: php_invoke ftp: already enabled for PHP 8.3 cli sapi
2025-05-21T10:29:44.408195+00:00 lia-server php8.3-common: php_invoke gettext: already enabled for PHP 8.3 apache2 sapi
2025-05-21T10:29:44.447841+00:00 lia-server php8.3-common: php_invoke gettext: already enabled for PHP 8.3 cli sapi
2025-05-21T10:29:44.845149+00:00 lia-server php8.3-common: php_invoke iconv: already enabled for PHP 8.3 apache2 sapi
2025-05-21T10:29:44.879565+00:00 lia-server php8.3-common: php_invoke iconv: already enabled for PHP 8.3 cli sapi
2025-05-21T10:29:45.285861+00:00 lia-server php8.3-common: php_invoke pdo: already enabled for PHP 8.3 apache2 sapi
2025-05-21T10:29:45.320816+00:00 lia-server php8.3-common: php_invoke pdo: already enabled for PHP 8.3 cli sapi
2025-05-21T10:29:45.725858+00:00 lia-server php8.3-common: php_invoke phar: already enabled for PHP 8.3 apache2 sapi
2025-05-21T10:29:45.765197+00:00 lia-server php8.3-common: php_invoke phar: already enabled for PHP 8.3 cli sapi
2025-05-21T10:29:46.167261+00:00 lia-server php8.3-common: php_invoke posix: already enabled for PHP 8.3 apache2 sapi
2025-05-21T10:29:46.209134+00:00 lia-server php8.3-common: php_invoke posix: already enabled for PHP 8.3 cli sapi
2025-05-21T10:29:46.614759+00:00 lia-server php8.3-common: php_invoke shmop: already enabled for PHP 8.3 apache2 sapi
2025-05-21T10:29:46.652919+00:00 lia-server php8.3-common: php_invoke shmop: already enabled for PHP 8.3 cli sapi
2025-05-21T10:29:47.058576+00:00 lia-server php8.3-common: php_invoke sockets: already enabled for PHP 8.3 apache2 sapi
2025-05-21T10:29:47.097471+00:00 lia-server php8.3-common: php_invoke sockets: already enabled for PHP 8.3 cli sapi
2025-05-21T10:29:47.495440+00:00 lia-server php8.3-common: php_invoke sysvmsg: already enabled for PHP 8.3 apache2 sapi
2025-05-21T10:29:47.532639+00:00 lia-server php8.3-common: php_invoke sysvmsg: already enabled for PHP 8.3 cli sapi
2025-05-21T10:29:47.936312+00:00 lia-server php8.3-common: php_invoke sysvsem: already enabled for PHP 8.3 apache2 sapi
2025-05-21T10:29:47.974165+00:00 lia-server php8.3-common: php_invoke sysvsem: already enabled for PHP 8.3 cli sapi
2025-05-21T10:29:48.374675+00:00 lia-server php8.3-common: php_invoke sysvshm: already enabled for PHP 8.3 apache2 sapi
2025-05-21T10:29:48.410830+00:00 lia-server php8.3-common: php_invoke sysvshm: already enabled for PHP 8.3 cli sapi
2025-05-21T10:29:48.825743+00:00 lia-server php8.3-common: php_invoke tokenizer: already enabled for PHP 8.3 apache2 sapi
2025-05-21T10:29:48.861302+00:00 lia-server php8.3-common: php_invoke tokenizer: already enabled for PHP 8.3 cli sapi
